
=== Categoria: Environmental (dominio='environmental') ===
  Libros encontrados: 2
    - Cradle to Cradle - Michael Braungart.txt: 12 chunk(s)
    - The Green to Gold Business Play - Daniel C. Esty.txt: 33 chunk(s)
  Total de llamadas a la API estimadas: 45
  Procesando 'Cradle to Cradle - Michael Braungart': 11/12 chunk(s) pendientes...
    Chunk 2/12...
      -> nodo guardado: modelo_cradle_to_grave.json
      -> nodo guardado: diseńo_universal_talla_unica.json
      -> nodo guardado: fuerza_bruta_industrial.json
      -> nodo guardado: monocultura_como_paradigma.json
      -> nodo guardado: pib_como_medida_erronea_de_progreso.json
      -> nodo guardado: productos_crudos.json
    Chunk 3/12...
      -> nodo guardado: diagnostico_de_productos_crudos.json
      -> nodo guardado: concepto_producto_plus.json
      -> nodo guardado: critica_del_pib_como_metrica_de_progreso.json
      -> nodo guardado: estrategia_de_tragedia_vs_estrategia_de_cambio.json
      -> nodo guardado: limites_de_la_eco_eficiencia.json
      -> nodo guardado: tirania_intergeneracional_remota.json
      -> nodo guardado: disruptores_endocrinos_y_salud_industrial.json
    Chunk 4/12...
      -> nodo guardado: eco_eficiencia_critica.json
      -> nodo guardado: downcycling_problema.json
      -> nodo guardado: licencia_para_danar.json
      -> nodo guardado: ser_menos_malo_vs_ser_bueno.json
      -> nodo guardado: eco_efectividad.json
    Chunk 5/12...
      -> nodo guardado: eco_efectividad_vs_eco_eficiencia.json
      -> nodo guardado: diseńo_biomimético_de_edificios.json
      -> nodo guardado: gestión_de_aguas_pluviales_con_techos_verdes.json
      -> nodo guardado: concepto_de_crecimiento_regenerativo.json
      -> nodo guardado: gestión_forestal_regenerativa.json
      -> nodo guardado: materiales_ciclicos_infinitamente_reciclables.json
    Chunk 6/12...
      -> nodo guardado: waste_equals_food.json
      -> nodo guardado: metabolismo_biologico_y_tecnico.json
      -> nodo guardado: hibridos_monstruosos.json
      -> nodo guardado: nutrientes_biologicos.json
      -> nodo guardado: nuevo_encargo_de_diseno.json
      -> nodo guardado: volverse_nativo_del_lugar.json
    Chunk 7/12...
      -> nodo guardado: metabolismo_biologico.json
      -> nodo guardado: metabolismo_tecnico.json
      -> nodo guardado: productos_de_servicio.json
      -> nodo guardado: manejo_de_hibridos_monstruosos.json
      -> nodo guardado: fase_de_eliminacion_de_no_comercializables.json
      -> nodo guardado: respetar_la_diversidad.json
    Chunk 8/12...
      -> nodo guardado: diversidad_como_fortaleza_ecosistemica.json
      -> nodo guardado: sostenibilidad_local_y_materiales.json
      -> nodo guardado: bioremediacion_living_machines.json
      -> nodo guardado: conexion_flujos_energia_natural.json
      -> nodo guardado: transicion_energia_diversa_renovable.json
    Chunk 9/12...
      -> nodo guardado: energia_eolica_distribuida.json
      -> nodo guardado: diseno_edificio_como_arbol.json
      -> nodo guardado: diversidad_en_diseno.json
      -> nodo guardado: feedforward_diseńo.json
      -> nodo guardado: herramienta_fractal_triple_top_line.json
      -> nodo guardado: reevolucion_industrial.json
    Chunk 10/12...
      -> nodo guardado: triple_top_line.json
      -> nodo guardado: eco_efectividad_re_evolucion_industrial.json
      -> nodo guardado: cinco_pasos_eco_efectividad.json
      -> nodo guardado: paso1_libre_de_sustancias_x.json
      -> nodo guardado: paso2_preferencias_informadas.json
    Chunk 11/12...
      -> nodo guardado: estrategias_seleccion_preferencial.json
      -> nodo guardado: sistema_triage_x_gray_p_list.json
      -> nodo guardado: activacion_lista_positiva.json
      -> nodo guardado: reinvencion_diseńo_nutrivehiculo.json
      -> nodo guardado: cinco_principios_guia_transformacion.json
    Chunk 12/12...
      -> nodo guardado: eco_efectividad_2.json
      -> nodo guardado: critica_eco_eficiencia.json
      -> nodo guardado: desperdicio_es_alimento.json
      -> nodo guardado: respeto_a_la_diversidad.json
      -> nodo guardado: critica_al_pib_como_metrica.json
      -> nodo guardado: quimicos_toxicos_en_diseno.json
  Procesando 'The Green to Gold Business Play - Daniel C. Esty': 33/33 chunk(s) pendientes...
    Chunk 1/33...
      -> nodo guardado: eco_advantage.json
      -> nodo guardado: mitigacion_riesgos_ambientales.json
      -> nodo guardado: eco_eficiencia_costos.json
      -> nodo guardado: crecimiento_ingresos_verdes.json
      -> nodo guardado: valor_intangible_sostenibilidad.json
      -> nodo guardado: triple_bottom_line.json
    Chunk 2/33...
      -> nodo guardado: gestion_eco_riesgos.json
      -> nodo guardado: responsabilidad_extendida_productor.json
      -> nodo guardado: eco_eficiencia.json
      -> nodo guardado: generacion_ingresos_verdes.json
      -> nodo guardado: construccion_valor_intangible.json
      -> nodo guardado: modelo_green_wave.json
      -> nodo guardado: estrategia_proactiva_ambiental.json
    Chunk 3/33...
      -> nodo guardado: issue_spotting_sostenibilidad.json
      -> nodo guardado: benchmarking_prioritizacion_sostenibilidad.json
      -> nodo guardado: vision_alineacion_sostenibilidad.json
      -> nodo guardado: estrategia_eco_advantage.json
      -> nodo guardado: ownership_accountability_sostenibilidad.json
      -> nodo guardado: employee_mobilization_sostenibilidad.json
      -> nodo guardado: triple_bottom_line_2.json
    Chunk 4/33...
    Chunk 5/33...
      -> nodo guardado: modelo_eco_criterios_ponderados.json
      -> nodo guardado: indicadores_desempeno_recursos.json
      -> nodo guardado: voces_externas_credibles.json
      -> nodo guardado: monetizacion_npv_caso_negocio.json
      -> nodo guardado: enfoque_portafolio_sostenibilidad.json
      -> nodo guardado: cuestionar_supuestos_financieros.json
      -> nodo guardado: identificar_eco_riesgos_oportunidades.json
    Chunk 6/33...
      -> nodo guardado: issue_spotting_ambiental.json
      -> nodo guardado: audio_analysis_framework.json
      -> nodo guardado: business_materiality_assessment.json
      -> nodo guardado: stakeholder_mapping_wheel.json
    Chunk 7/33...
      -> nodo guardado: evaluacion_materialidad_empresarial.json
      -> nodo guardado: mapeo_stakeholders.json
      -> nodo guardado: seguimiento_tendencias_sostenibilidad.json
      -> nodo guardado: priorizacion_issues.json
      -> nodo guardado: metricas_impacto_ambiental.json
      -> nodo guardado: huella_carbono_empresarial.json
    Chunk 8/33...
      -> nodo guardado: definir_limites_huella_carbono.json
      -> nodo guardado: estrategia_recoleccion_datos_carbono.json
      -> nodo guardado: conversion_datos_co2e.json
      -> nodo guardado: neutralidad_carbono.json
      -> nodo guardado: medir_residuos_empresa.json
      -> nodo guardado: evaluar_huella_hidrica.json
      -> nodo guardado: evaluar_impacto_ecosistemas_biodiversidad.json
      -> nodo guardado: realizar_analisis_ciclo_vida.json
    Chunk 9/33...
      -> nodo guardado: realizar_analisis_ciclo_de_vida_lca.json
      -> nodo guardado: seleccionar_tipo_de_lca_segun_recursos.json
      -> nodo guardado: construir_capacidad_evaluacion_ambiental.json
      -> nodo guardado: estandarizar_metodologia_lca.json
      -> nodo guardado: benchmarking_desempeno_ambiental.json
      -> nodo guardado: benchmarking_prospectivo_futuro.json
      -> nodo guardado: formar_equipo_verde_oficina.json
    Chunk 10/33...
      -> nodo guardado: green_team_oficina.json
      -> nodo guardado: cultura_reduce_reuse_recycle.json
      -> nodo guardado: programa_reciclaje_integral.json
      -> nodo guardado: impresion_inteligente.json
      -> nodo guardado: involucramiento_empleados_sostenibilidad.json
      -> nodo guardado: sostenibilidad_cafeteria_oficina.json
      -> nodo guardado: reduccion_viajes_negocio.json
      -> nodo guardado: eventos_reuniones_verdes.json
      -> nodo guardado: commuting_teletrabajo_sostenible.json
      -> nodo guardado: oficina_digital_sin_papel.json
    Chunk 11/33...
      -> nodo guardado: movilidad_verde_empleados.json
      -> nodo guardado: teletrabajo_sostenible.json
      -> nodo guardado: oficina_digital_sin_papel_2.json
      -> nodo guardado: seleccion_productos_servicios_verdes.json
      -> nodo guardado: estrategia_edificios_verdes.json
      -> nodo guardado: benchmark_auditoria_energetica.json
      -> nodo guardado: mejora_envolvente_edificio.json
      -> nodo guardado: actualizacion_iluminacion.json
      -> nodo guardado: actualizacion_hvac.json
      -> nodo guardado: gestion_energia_equipos.json
      -> nodo guardado: eficiencia_hidrica_edificios.json
      -> nodo guardado: contratos_desempeno_energetico_esco.json
    Chunk 12/33...
      -> nodo guardado: eficiencia_hidrica_edificios_2.json
      -> nodo guardado: contratacion_desempeno_energetico_esco.json
      -> nodo guardado: jardines_terrenos_verdes.json
      -> nodo guardado: reduccion_residuos_construccion.json
      -> nodo guardado: certificacion_leed_energy_star.json
      -> nodo guardado: compra_energia_limpia.json
      -> nodo guardado: integracion_sistemas_medicion_avanzada.json
      -> nodo guardado: construccion_verde_nueva.json
      -> nodo guardado: arrendamiento_verde.json
      -> nodo guardado: estrategia_ti_verde.json
    Chunk 13/33...
      -> nodo guardado: auditoria_ti_verde.json
      -> nodo guardado: deteccion_ineficiencias_ti.json
      -> nodo guardado: gestion_e_waste.json
      -> nodo guardado: virtualizacion_servidores.json
      -> nodo guardado: gestion_centro_datos_verde.json
      -> nodo guardado: videoconferencia_reduccion_viajes.json
      -> nodo guardado: compra_equipos_verdes.json
    Chunk 14/33...
      -> nodo guardado: optimizacion_centro_datos_verde.json
      -> nodo guardado: computacion_en_la_nube.json
      -> nodo guardado: ti_para_desempeno_ecologico.json
      -> nodo guardado: compromiso_cliente_sostenibilidad.json
      -> nodo guardado: oportunidades_ingresos_ti_sostenible.json
      -> nodo guardado: diseno_para_el_medio_ambiente.json
      -> nodo guardado: equipos_multifuncionales_dfe.json
      -> nodo guardado: marcos_pensamiento_dfe.json
    Chunk 15/33...
    ERROR (chunk 15 de 'The Green to Gold Business Play - Daniel C. Esty'): JSON invalido: Expecting value: line 200 column 25 (char 17418)
    Chunk 16/33...
      -> nodo guardado: identificacion_proveedores_criticos.json
      -> nodo guardado: politica_compras_verdes.json
      -> nodo guardado: codigo_conducta_proveedores.json
      -> nodo guardado: dialogo_proveedores.json
      -> nodo guardado: colaboracion_sectorial.json
      -> nodo guardado: auditorias_proveedores.json
      -> nodo guardado: programa_mentoria_proveedores.json
      -> nodo guardado: profundizacion_cadena_suministro.json
      -> nodo guardado: certificaciones_ecoetiquetas.json
    Chunk 17/33...
      -> nodo guardado: programa_mentoria_proveedores_2.json
      -> nodo guardado: alcance_profundo_cadena_suministro.json
      -> nodo guardado: optimizacion_tecnologia_cadena_suministro.json
      -> nodo guardado: alianzas_cross_industry.json
      -> nodo guardado: manufactura_verde.json
      -> nodo guardado: involucrar_empleados_ahorro_energetico.json
      -> nodo guardado: auditoria_energetica_sistematica.json
      -> nodo guardado: eliminacion_desperdicio_lean_green.json
      -> nodo guardado: value_stream_mapping_ambiental.json
      -> nodo guardado: green_six_sigma.json
      -> nodo guardado: mantenimiento_productivo_total_energia.json
      -> nodo guardado: manufactura_celular.json
    Chunk 18/33...
      -> nodo guardado: mantenimiento_productivo_total_verde.json
      -> nodo guardado: manufactura_celular_2.json
      -> nodo guardado: just_in_time_manufacturing.json
      -> nodo guardado: green_kaizen_events.json
      -> nodo guardado: programas_5s_verdes.json
      -> nodo guardado: energia_fuentes_limpias.json
      -> nodo guardado: tecnologias_manufactura_avanzada.json
      -> nodo guardado: ubicacion_estrategica_ambiental.json
      -> nodo guardado: cierre_de_ciclos_industriales.json
    Chunk 19/33...
      -> nodo guardado: gestion_logistica_verde.json
      -> nodo guardado: eficiencia_flota_vehicular.json
      -> nodo guardado: eficiencia_energetica_almacenes.json
      -> nodo guardado: gestion_materiales_peligrosos.json
      -> nodo guardado: optimizacion_rutas_ecoruteo.json
      -> nodo guardado: empaque_ecoeficiente.json
      -> nodo guardado: consolidacion_cargas_backhaul.json
      -> nodo guardado: transporte_bajas_emisiones.json
      -> nodo guardado: vehiculos_combustibles_alternativos.json
    Chunk 20/33...
      -> nodo guardado: vehiculos_combustibles_alternativos_2.json
      -> nodo guardado: especificacion_vehiculos_eficientes.json
      -> nodo guardado: optimizacion_almacenes_distribucion.json
      -> nodo guardado: relocalizacion_clustering_logistico.json
      -> nodo guardado: logistica_inversa_rentable.json
      -> nodo guardado: identificacion_oportunidades_sostenibilidad_marketing.json
    Chunk 21/33...
      -> nodo guardado: identificar_oportunidades_sostenibilidad.json
      -> nodo guardado: solidificar_defensa_ambiental.json
      -> nodo guardado: construir_fortalezas_verdes.json
      -> nodo guardado: segmentacion_consumidor_verde.json
      -> nodo guardado: principio_green_tercer_boton.json
      -> nodo guardado: evitar_greenwashing.json
      -> nodo guardado: diseno_mensaje_verde.json
    Chunk 22/33...
      -> nodo guardado: marketing_verde_autentico.json
      -> nodo guardado: mensajeria_creativa_positiva.json
      -> nodo guardado: seleccion_mensajeros_creibles.json
      -> nodo guardado: canales_comunicacion_estrategicos.json
      -> nodo guardado: validacion_certificaciones_terceros.json
      -> nodo guardado: partnerships_estrategicos_verdes.json
      -> nodo guardado: cambio_comportamiento_consumidor.json
      -> nodo guardado: crear_infraestructura_producto.json
      -> nodo guardado: cumplimiento_normativo_ambiental.json
      -> nodo guardado: sistema_gestion_cumplimiento_ambiental.json
      -> nodo guardado: reduccion_cargas_cumplimiento.json
      -> nodo guardado: deteccion_temprana_regulatoria.json
    Chunk 23/33...
      -> nodo guardado: reduccion_cargas_regulatorias.json
      -> nodo guardado: deteccion_temprana_regulatoria_2.json
      -> nodo guardado: seguimiento_cumplimiento_cadena_suministro.json
      -> nodo guardado: uso_regulaciones_como_espada.json
      -> nodo guardado: trabajo_colectivo_estandares_industria.json
      -> nodo guardado: lente_sostenibilidad_finanzas.json
      -> nodo guardado: contabilidad_basada_actividades.json
      -> nodo guardado: herramientas_contabilidad_ambiental.json
    Chunk 24/33...
      -> nodo guardado: contabilidad_ambiental.json
      -> nodo guardado: costeo_ciclo_de_vida.json
      -> nodo guardado: contabilidad_flujo_materiales.json
      -> nodo guardado: valoracion_costos_externos.json
      -> nodo guardado: priorizacion_iniciativas_sostenibilidad.json
      -> nodo guardado: plan_accion_corto_mediano_largo_plazo.json
      -> nodo guardado: vision_clara_sostenibilidad.json
      -> nodo guardado: etapas_creacion_valor_sostenibilidad.json
    Chunk 25/33...
      -> nodo guardado: liderazgo_ceo_sostenibilidad.json
      -> nodo guardado: modelo_lubin_esty_4_etapas.json
      -> nodo guardado: chief_sustainability_officer.json
      -> nodo guardado: sistema_recoleccion_datos.json
      -> nodo guardado: sistema_gestion_ambiental.json
      -> nodo guardado: accountability_incentivos.json
      -> nodo guardado: inversion_capacitacion_sostenibilidad.json
      -> nodo guardado: comunicacion_reporte_sostenibilidad.json
      -> nodo guardado: expandir_cadena_valor.json
      -> nodo guardado: innovar_transformar_mercados.json
      -> nodo guardado: plan_cambio_climatico.json
      -> nodo guardado: evaluar_huella_carbono.json
    Chunk 26/33...
      -> nodo guardado: medir_huella_carbono_corporativa.json
      -> nodo guardado: establecer_metas_reduccion_emisiones.json
      -> nodo guardado: draft_plan_accion_climatico.json
      -> nodo guardado: implementar_estrategias_reduccion_emisiones.json
      -> nodo guardado: reducciones_cadena_suministro.json
      -> nodo guardado: compra_offsets_carbono.json
      -> nodo guardado: resolver_problemas_climaticos_clientes.json
      -> nodo guardado: unirse_grupo_lideres_climaticos.json
      -> nodo guardado: dar_forma_politica_climatica.json
      -> nodo guardado: mobilizar_empleados_cultura_ecologica.json
    Chunk 27/33...
      -> nodo guardado: co_creacion_estrategia_engagement.json
      -> nodo guardado: evaluacion_actitudes_empleados.json
      -> nodo guardado: definicion_metas_engagement.json
      -> nodo guardado: programa_do_one_thing.json
      -> nodo guardado: construccion_capacidad_empleados.json
      -> nodo guardado: estrategia_comunicacion_sostenibilidad.json
      -> nodo guardado: pilotos_estrategia_sostenibilidad.json
      -> nodo guardado: alineacion_engagement_estrategia_general.json
      -> nodo guardado: incentivos_reconocimiento_sostenibilidad.json
    Chunk 28/33...
    ERROR (chunk 28 de 'The Green to Gold Business Play - Daniel C. Esty'): JSON invalido: Expecting value: line 260 column 19 (char 17457)
    Chunk 29/33...
    ERROR (chunk 29 de 'The Green to Gold Business Play - Daniel C. Esty'): JSON invalido: Extra data: line 2 column 1 (char 1334)
    Chunk 30/33...
      -> nodo guardado: reporte_sostenibilidad_digital.json
      -> nodo guardado: transparencia_crisis_reputacional.json
      -> nodo guardado: establecimiento_metas_publicas.json
      -> nodo guardado: metodologia_clara_reporte.json
      -> nodo guardado: contextualizacion_datos_sostenibilidad.json
      -> nodo guardado: vinculacion_reporte_financiero.json
      -> nodo guardado: evitar_greenwashing_2.json
      -> nodo guardado: validacion_externa_reportes.json
      -> nodo guardado: dialogo_stakeholders.json
      -> nodo guardado: comunicacion_interna_empleados.json
      -> nodo guardado: mejora_continua_sostenibilidad.json
    Chunk 31/33...
    Chunk 32/33...
    Chunk 33/33...

[Environmental] Finalizado. Nodos nuevos guardados: 284
  Colisiones de node_id renombradas: 9 (ver log)
  Chunks con error (no completados, se reintentan en la proxima corrida): 3

=== Categoria: Health and Safety (dominio='health_safety') ===
  Libros encontrados: 5
    - Managing the Risks of Organizat - Reason, J. T_.txt: 19 chunk(s)
    - OSHA3885.md: 3 chunk(s)
    - OSHA3886.md: 3 chunk(s)
    - SMALL_BUSINESS.md: 5 chunk(s)
    - The Field Guide to Understandin - Dekker, Sidney;.txt: 18 chunk(s)
  Total de llamadas a la API estimadas: 48
  Procesando 'Managing the Risks of Organizat - Reason, J. T_': 19/19 chunk(s) pendientes...
    Chunk 1/19...
      -> nodo guardado: accidentes_individuales_vs_organizacionales.json
      -> nodo guardado: produccion_y_proteccion.json
      -> nodo guardado: compensacion_de_riesgo.json
      -> nodo guardado: erosion_de_defensas_por_ausencia_de_accidentes.json
      -> nodo guardado: defensas_en_profundidad.json
      -> nodo guardado: modelo_queso_suizo.json
      -> nodo guardado: fallos_activos_condiciones_latentes.json
      -> nodo guardado: trayectoria_del_accidente.json
    Chunk 2/19...
      -> nodo guardado: diferenciacion_accidente_individual_organizacional.json
      -> nodo guardado: modelo_accidente_organizacional.json
      -> nodo guardado: reglas_parada_investigacion_accidentes.json
      -> nodo guardado: fallas_activas_condiciones_latentes.json
      -> nodo guardado: defensas_en_profundidad_2.json
      -> nodo guardado: ventana_oportunidad_accidente.json
      -> nodo guardado: caso_grietas_pequenas_mantenimiento_aeronaves.json
    Chunk 3/19...
      -> nodo guardado: omisiones_en_mantenimiento.json
      -> nodo guardado: fallas_activas_condiciones_latentes_2.json
      -> nodo guardado: documentacion_mantenimiento_linea_base.json
      -> nodo guardado: segregacion_funciones_trading_settlement.json
      -> nodo guardado: senales_alerta_no_atendidas.json
      -> nodo guardado: condiciones_latentes_largo_plazo.json
    Chunk 4/19...
      -> nodo guardado: condiciones_latentes_organizacionales.json
      -> nodo guardado: caso_descarrilamiento_nakina.json
      -> nodo guardado: cultura_generativa_westrum.json
      -> nodo guardado: sesgo_retrospectivo_hindsight.json
      -> nodo guardado: ironias_de_la_automatizacion.json
      -> nodo guardado: confusion_modos_automatizacion.json
      -> nodo guardado: defensas_peligrosas_paradojas.json
    Chunk 5/19...
      -> nodo guardado: confusion_de_modos_automatizacion.json
      -> nodo guardado: quality_control_vs_quality_assurance.json
      -> nodo guardado: violaciones_procedimentales_por_sobreespecificacion.json
      -> nodo guardado: fijar_causa_ultimo_accidente_riesgo_siguiente.json
      -> nodo guardado: defensas_en_profundidad_3.json
      -> nodo guardado: gestion_falsas_alarmas.json
    Chunk 6/19...
    Chunk 7/19...
    ERROR (chunk 7 de 'Managing the Risks of Organizat - Reason, J. T_'): JSON invalido: Extra data: line 2 column 1 (char 1419)
    Chunk 8/19...
      -> nodo guardado: riesgo_actividades_mantenimiento.json
      -> nodo guardado: vulnerabilidad_instalacion.json
      -> nodo guardado: prevalencia_omisiones.json
      -> nodo guardado: caracteristicas_tareas_propensas_omision.json
      -> nodo guardado: diseno_recordatorios_efectivos.json
      -> nodo guardado: accidentes_organizacionales_por_mantenimiento.json
    Chunk 9/19...
      -> nodo guardado: diseno_recordatorios_efectivos_2.json
      -> nodo guardado: racional_mantenimiento_preventivo_correctivo.json
      -> nodo guardado: riesgo_error_humano_en_mantenimiento.json
      -> nodo guardado: medidas_proceso_vs_resultado.json
      -> nodo guardado: espacio_de_seguridad.json
      -> nodo guardado: motores_de_seguridad_3cs.json
      -> nodo guardado: establecer_metas_seguridad_correctas.json
    Chunk 10/19...
    ERROR (chunk 10 de 'Managing the Risks of Organizat - Reason, J. T_'): JSON invalido: Expecting value: line 1 column 1 (char 0)
    Chunk 11/19...
    ERROR (chunk 11 de 'Managing the Risks of Organizat - Reason, J. T_'): JSON invalido: Expecting value: line 1 column 1 (char 0)
    Chunk 12/19...
    ERROR (chunk 12 de 'Managing the Risks of Organizat - Reason, J. T_'): JSON invalido: Expecting value: line 1 column 1 (char 0)
    Chunk 13/19...
      -> nodo guardado: normalizacion_de_la_desviacion.json
      -> nodo guardado: fallo_regulatorio_por_recursos_insuficientes.json
      -> nodo guardado: inspecciones_superficiales_y_muestreo_incompleto.json
      -> nodo guardado: falla_sistemica_vs_error_individual.json
      -> nodo guardado: conflicto_de_objetivos_en_organismos_reguladores.json
      -> nodo guardado: redes_de_seguridad_regulatoria.json
    Chunk 14/19...
      -> nodo guardado: autonomia_dependencia_regulatoria.json
      -> nodo guardado: autorregulacion_seguridad.json
      -> nodo guardado: safety_case_evaluacion_formal.json
      -> nodo guardado: coshh_procedimiento_rolling.json
      -> nodo guardado: legislacion_especifica_vs_accidente_organizacional.json
      -> nodo guardado: enfoques_definicion_riesgo_aceptable.json
    Chunk 15/19...
      -> nodo guardado: formal_safety_assessment_safety_case.json
      -> nodo guardado: self_regulation_deregulation_tradeoffs.json
      -> nodo guardado: regulatory_process_model.json
      -> nodo guardado: safety_culture_engineering.json
      -> nodo guardado: dysfunctional_organizational_culture_patterns.json
    Chunk 16/19...
      -> nodo guardado: cultura_de_seguridad_componentes.json
      -> nodo guardado: ciclo_de_culpa.json
      -> nodo guardado: cultura_de_reporte.json
      -> nodo guardado: cultura_justa.json
      -> nodo guardado: cultura_flexible.json
      -> nodo guardado: cultura_de_aprendizaje.json
    Chunk 17/19...
      -> nodo guardado: cultura_justa_organizacional.json
      -> nodo guardado: arbol_decision_culpabilidad.json
