
=== Categoria: Environmental (dominio='environmental') ===
  Libros encontrados: 2
    - Cradle to Cradle - Michael Braungart.txt: 12 chunk(s)
    - The Green to Gold Business Play - Daniel C. Esty.txt: 33 chunk(s)
  Total de llamadas a la API estimadas: 45
  'Cradle to Cradle - Michael Braungart': ya completo (reanudado desde progreso previo). Nada que hacer.
  Procesando 'The Green to Gold Business Play - Daniel C. Esty': 3/33 chunk(s) pendientes...
    Chunk 15/33...
      -> nodo guardado: diseno_para_el_ambiente_dfe.json
      -> nodo guardado: frameworks_para_innovacion_eco.json
      -> nodo guardado: aprender_haciendo_dfe.json
      -> nodo guardado: metas_desmaterializacion_energia.json
      -> nodo guardado: quimica_verde.json
      -> nodo guardado: separar_opciones_dfe.json
      -> nodo guardado: responsabilidad_extendida_productor_2.json
      -> nodo guardado: certificacion_cradle_to_cradle.json
      -> nodo guardado: innovacion_abierta_externa.json
      -> nodo guardado: biomimicry_diseno.json
      -> nodo guardado: servicizacion_producto.json
      -> nodo guardado: desmaterializacion_producto_servicio.json
    Chunk 28/33...
    [reintento 1/3] JSON invalido: Unterminated string starting at: line 218 column 7 (char 16759)
    [reintento 2/3] JSON invalido: Unterminated string starting at: line 234 column 7 (char 18370)
    ERROR (chunk 28 de 'The Green to Gold Business Play - Daniel C. Esty'): Fallo tras 3 intentos: JSON invalido: Unterminated string starting at: line 231 column 20 (char 16486)
    Chunk 29/33...

[Environmental] Finalizado. Nodos nuevos guardados: 12
  Colisiones de node_id renombradas: 1 (ver log)
  Chunks con error (no completados, se reintentan en la proxima corrida): 1

=== Categoria: Health and Safety (dominio='health_safety') ===
  Libros encontrados: 5
    - Managing the Risks of Organizat - Reason, J. T_.txt: 19 chunk(s)
    - OSHA3885.md: 3 chunk(s)
    - OSHA3886.md: 3 chunk(s)
    - SMALL_BUSINESS.md: 5 chunk(s)
    - The Field Guide to Understandin - Dekker, Sidney;.txt: 18 chunk(s)
  Total de llamadas a la API estimadas: 48
  Procesando 'Managing the Risks of Organizat - Reason, J. T_': 4/19 chunk(s) pendientes...
    Chunk 7/19...
    Chunk 10/19...
      -> nodo guardado: cognisance_organizacional.json
      -> nodo guardado: metas_de_seguridad_correctas.json
      -> nodo guardado: medidas_reactivas_proactivas.json
      -> nodo guardado: reporte_casi_accidentes.json
      -> nodo guardado: medicion_proactiva_procesos.json
      -> nodo guardado: gestion_de_errores.json
      -> nodo guardado: errores_como_consecuencia.json
      -> nodo guardado: ciclo_de_culpa_2.json
      -> nodo guardado: enfoque_situacional_vs_personal.json
    Chunk 11/19...
      -> nodo guardado: ciclo_de_culpa_blame_cycle.json
      -> nodo guardado: enfoque_situacional_vs_personal_2.json
      -> nodo guardado: tripod_delta_general_failure_types.json
      -> nodo guardado: review_mesh_evaluacion_por_calificacion.json
      -> nodo guardado: heart_evaluacion_probabilidad_error.json
    Chunk 12/19...
      -> nodo guardado: heart_metodo_evaluacion_error_humano.json
      -> nodo guardado: epc_condiciones_productoras_error.json
      -> nodo guardado: vpc_condiciones_productoras_violacion.json
      -> nodo guardado: ida_diagrama_influencia.json
      -> nodo guardado: meda_analisis_error_mantenimiento.json
      -> nodo guardado: tripod_beta_analisis_incidentes.json
      -> nodo guardado: principios_gestion_error.json
      -> nodo guardado: regulador_fallas_sistemicas.json
  Procesando 'OSHA3885': 2/3 chunk(s) pendientes...
    Chunk 2/3...
    [reintento 1/3] JSON invalido: Unterminated string starting at: line 253 column 7 (char 19640)
      -> nodo guardado: identificacion_recopilacion_informacion_peligros.json
      -> nodo guardado: inspeccion_lugar_trabajo_peligros.json
      -> nodo guardado: identificacion_peligros_salud.json
      -> nodo guardado: investigacion_incidentes.json
      -> nodo guardado: peligros_emergencias_no_rutinarias.json
      -> nodo guardado: priorizacion_caracterizacion_peligros.json
      -> nodo guardado: jerarquia_controles.json
      -> nodo guardado: plan_control_peligros.json
      -> nodo guardado: implementacion_controles.json
      -> nodo guardado: seguimiento_efectividad_controles.json
      -> nodo guardado: capacitacion_conciencia_programa.json
      -> nodo guardado: capacitacion_roles_gerencia.json
      -> nodo guardado: capacitacion_identificacion_peligros.json
      -> nodo guardado: evaluacion_mejora_programa.json
      -> nodo guardado: coordinacion_multiempleador.json
    Chunk 3/3...
      -> nodo guardado: evaluacion_periodica_programa_seguridad.json
      -> nodo guardado: comunicacion_coordinacion_multiempleador.json
      -> nodo guardado: establecer_comunicacion_efectiva_hostempleador.json
      -> nodo guardado: establecer_coordinacion_efectiva_hostempleador.json
  Procesando 'OSHA3886': 3/3 chunk(s) pendientes...
    Chunk 1/3...
      -> nodo guardado: enfoque_find_and_fix.json
      -> nodo guardado: compromiso_gerencial_seguridad.json
      -> nodo guardado: participacion_trabajadores_2.json
      -> nodo guardado: identificacion_evaluacion_peligros_2.json
      -> nodo guardado: prevencion_control_peligros_2.json
      -> nodo guardado: educacion_entrenamiento_seguridad.json
      -> nodo guardado: evaluacion_mejora_programa_2.json
      -> nodo guardado: coordinacion_sitios_multiempleador.json
      -> nodo guardado: nueve_pasos_iniciar_programa.json
    Chunk 2/3...
    [reintento 1/3] JSON invalido: Unterminated string starting at: line 258 column 5 (char 20400)
    [reintento 2/3] JSON invalido: Unterminated string starting at: line 246 column 24 (char 18634)
      -> nodo guardado: recopilacion_informacion_peligros.json
      -> nodo guardado: inspeccion_sitio_peligros.json
      -> nodo guardado: identificacion_peligros_salud_2.json
      -> nodo guardado: investigacion_incidentes_2.json
      -> nodo guardado: peligros_emergencias_no_rutinarias_2.json
      -> nodo guardado: caracterizacion_priorizacion_peligros.json
      -> nodo guardado: jerarquia_controles_2.json
      -> nodo guardado: plan_control_peligros_2.json
      -> nodo guardado: controles_no_rutinarias_emergencias.json
      -> nodo guardado: implementacion_controles_2.json
      -> nodo guardado: seguimiento_efectividad_controles_2.json
      -> nodo guardado: capacitacion_educacion_seguridad.json
      -> nodo guardado: evaluacion_mejora_programa_3.json
    Chunk 3/3...
      -> nodo guardado: verificacion_implementacion_programa_sst.json
      -> nodo guardado: correccion_deficiencias_programa_sst.json
      -> nodo guardado: comunicacion_coordinacion_multiempleador_2.json
      -> nodo guardado: establecer_comunicacion_efectiva_contratistas.json
      -> nodo guardado: establecer_coordinacion_efectiva_contratistas.json
  Procesando 'SMALL_BUSINESS': 5/5 chunk(s) pendientes...
    Chunk 1/5...
      -> nodo guardado: programa_seguridad_salud_ocupacional_2.json
      -> nodo guardado: autoinspeccion_lugar_de_trabajo.json
      -> nodo guardado: registro_reporte_lesiones.json
      -> nodo guardado: seguridad_electrica.json
      -> nodo guardado: ergonomia_laboral.json
      -> nodo guardado: rutas_salida_planificacion_emergencias.json
    Chunk 2/5...
      -> nodo guardado: rutas_de_salida_y_puertas_de_emergencia.json
      -> nodo guardado: plan_de_accion_de_emergencia.json
      -> nodo guardado: senalizacion_de_salidas.json
      -> nodo guardado: extintores_portatiles_de_incendio.json
      -> nodo guardado: sistemas_de_extincion_de_incendios.json
      -> nodo guardado: almacenamiento_liquidos_inflamables.json
      -> nodo guardado: herramientas_accionadas_por_explosivos.json
      -> nodo guardado: herramientas_manuales_y_portatiles.json
      -> nodo guardado: comunicacion_de_riesgos_quimicos.json
      -> nodo guardado: manejo_de_quimicos_peligrosos.json
      -> nodo guardado: prevencion_enfermedades_por_calor.json
      -> nodo guardado: plan_de_control_de_infecciones.json
      -> nodo guardado: procedimientos_lockout_tagout.json
    Chunk 3/5...
      -> nodo guardado: infection_control_plan.json
      -> nodo guardado: lockout_tagout_procedures.json
      -> nodo guardado: machine_guarding_abrasive_wheels.json
      -> nodo guardado: machinery_equipment_safety.json
      -> nodo guardado: hoist_auxiliary_equipment_safety.json
      -> nodo guardado: materials_handling_safety.json
      -> nodo guardado: powered_industrial_trucks_safety.json
      -> nodo guardado: medical_services_first_aid.json
      -> nodo guardado: noise_exposure_control.json
      -> nodo guardado: permit_required_confined_spaces.json
      -> nodo guardado: personal_protective_equipment.json
      -> nodo guardado: respiratory_protection_program.json
      -> nodo guardado: elevated_surfaces_fall_protection.json
    Chunk 4/5...
      -> nodo guardado: programa_proteccion_respiratoria.json
      -> nodo guardado: superficies_elevadas_proteccion_caidas.json
      -> nodo guardado: pisos_aberturas_paredes_seguridad.json
      -> nodo guardado: escaleras_portatiles_seguridad.json
      -> nodo guardado: escaleras_fijas_seguridad.json
      -> nodo guardado: pasillos_superficies_transito.json
      -> nodo guardado: seguridad_soldadura_corte_bronceado.json
      -> nodo guardado: prevencion_violencia_laboral.json
      -> nodo guardado: seguridad_trabajadores_jovenes.json
      -> nodo guardado: programa_consulta_osha_onsite.json
    Chunk 5/5...
      -> nodo guardado: clausula_deber_general_osha.json
      -> nodo guardado: revision_aplicabilidad_estandares_osha.json
      -> nodo guardado: recursos_educativos_osha.json
      -> nodo guardado: programas_cooperativos_osha.json
      -> nodo guardado: programa_proteccion_denunciantes.json
      -> nodo guardado: derecho_rechazo_trabajo_peligroso.json
      -> nodo guardado: planes_estatales_osha.json
      -> nodo guardado: recursos_niosh.json
      -> nodo guardado: recursos_externos_seguridad.json
      -> nodo guardado: sbrefa_cumplimiento.json
  Procesando 'The Field Guide to Understandin - Dekker, Sidney;': 18/18 chunk(s) pendientes...
    Chunk 1/18...
      -> nodo guardado: old_view_vs_new_view_human_error.json
      -> nodo guardado: bad_apple_theory.json
      -> nodo guardado: human_error_como_sintoma.json
      -> nodo guardado: atribucion_retrospectiva_del_error.json
      -> nodo guardado: riesgos_del_enfoque_en_error_humano.json
    Chunk 2/18...
      -> nodo guardado: old_view_bad_apple_theory.json
      -> nodo guardado: new_view_human_error.json
      -> nodo guardado: local_rationality_principle.json
      -> nodo guardado: new_view_investigation.json
      -> nodo guardado: accident_proneness_fallacy.json
    Chunk 3/18...
      -> nodo guardado: declive_teoria_manzana_podrida.json
      -> nodo guardado: desajuste_tarea_persona.json
      -> nodo guardado: desajuste_autoridad_responsabilidad.json
      -> nodo guardado: responsabilidad_sistemica.json
      -> nodo guardado: reporte_confidencial_seguridad.json
      -> nodo guardado: cultura_justa_2.json
      -> nodo guardado: rendicion_cuentas_prospectiva.json
    Chunk 4/18...
      -> nodo guardado: preguntar_que_no_quien.json
      -> nodo guardado: conocimiento_detallado_y_justicia.json
      -> nodo guardado: justicia_restaurativa.json
      -> nodo guardado: responsabilidad_prospectiva.json
      -> nodo guardado: soporte_segunda_victima.json
      -> nodo guardado: reacciones_al_fallo.json
      -> nodo guardado: sesgo_retrospectivo.json
      -> nodo guardado: perspectiva_dentro_del_tunel.json
    Chunk 5/18...
      -> nodo guardado: evitar_lenguaje_juzgador.json
      -> nodo guardado: sharp_end_blunt_end.json
      -> nodo guardado: foco_proximal_reacciones_falla.json
      -> nodo guardado: obtencion_datos_factores_humanos.json
      -> nodo guardado: debriefing_participantes.json
      -> nodo guardado: construccion_linea_tiempo.json
    Chunk 6/18...
      -> nodo guardado: construccion_timeline_resolucion.json
      -> nodo guardado: analisis_conversacional.json
      -> nodo guardado: conexion_comportamiento_proceso.json
      -> nodo guardado: identificacion_eventos_datos.json
      -> nodo guardado: reconstruccion_contexto_situacional.json
      -> nodo guardado: evitar_micro_matching.json
      -> nodo guardado: evitar_cherry_picking.json
      -> nodo guardado: evitar_shopping_bag.json
    Chunk 7/18...
      -> nodo guardado: evitar_sesgo_retrospectivo_hindsight.json
      -> nodo guardado: operacionalizacion_de_etiquetas_psicologicas.json
      -> nodo guardado: error_humano_vs_falla_mecanica.json
      -> nodo guardado: construccion_de_causas.json
      -> nodo guardado: analisis_del_extremo_organizacional.json
      -> nodo guardado: factores_explicativos_vs_factores_de_cambio.json
      -> nodo guardado: recomendaciones_smart.json
    Chunk 8/18...
      -> nodo guardado: recomendaciones_smart_2.json
      -> nodo guardado: sesgo_retrospectivo_hindsight_2.json
      -> nodo guardado: analisis_factores_distales_proximales.json
      -> nodo guardado: revision_de_aprendizaje.json
      -> nodo guardado: fijacion_cognitiva.json
      -> nodo guardado: gestion_dinamica_de_fallas.json
      -> nodo guardado: continuacion_de_plan.json
    Chunk 9/18...
      -> nodo guardado: plan_continuation_bias.json
      -> nodo guardado: unstabilized_approach_go_around.json
      -> nodo guardado: fatigue_performance_effects.json
      -> nodo guardado: buggy_inert_knowledge.json
      -> nodo guardado: new_technology_error_pathways.json
      -> nodo guardado: noticing_non_events.json
    Chunk 10/18...
      -> nodo guardado: diseno_no_neutral_interfaces.json
      -> nodo guardado: compatibilidad_de_visualizacion.json
      -> nodo guardado: ley_de_capacidad_de_sistemas.json
      -> nodo guardado: adaptaciones_procedimentales.json
      -> nodo guardado: supuestos_de_procedimientos.json
      -> nodo guardado: drift_hacia_el_fallo.json
      -> nodo guardado: cumplimiento_vs_violacion.json
      -> nodo guardado: critica_perdida_de_conciencia_situacional.json
    Chunk 11/18...
      -> nodo guardado: critica_ground_truth_investigacion.json
      -> nodo guardado: evitar_perdida_situacion_awareness.json
      -> nodo guardado: evitar_uso_complacencia.json
      -> nodo guardado: modelo_cadena_de_eventos.json
      -> nodo guardado: no_usar_triangulo_heinrich.json
      -> nodo guardado: modelo_barreras_swiss_cheese.json
    Chunk 12/18...
      -> nodo guardado: modelo_barreras_defensas.json
      -> nodo guardado: falacia_redundancia_social.json
      -> nodo guardado: teoria_sistemas_seguridad.json
      -> nodo guardado: drift_hacia_el_fallo_2.json
      -> nodo guardado: organizaciones_alta_confiabilidad.json
      -> nodo guardado: safety_i_safety_ii.json
    Chunk 13/18...
      -> nodo guardado: safety_ii_resiliencia.json
      -> nodo guardado: diseno_departamento_seguridad_efectivo.json
      -> nodo guardado: escape_trampa_proveedor_pasivo.json
      -> nodo guardado: burocracia_de_seguridad.json
      -> nodo guardado: responsabilidad_hacia_abajo_vs_rendicion_de_cuentas.json
      -> nodo guardado: nueva_vision_organizacion_linea_seguridad.json
    Chunk 14/18...
      -> nodo guardado: experticia_operativa_vs_vision_sistemica.json
      -> nodo guardado: responsabilidad_de_seguridad_en_linea.json
      -> nodo guardado: autenticidad_del_liderazgo_de_campo.json
      -> nodo guardado: autonomia_maestria_proposito.json
      -> nodo guardado: equipos_alto_desempeńo.json
      -> nodo guardado: brecha_entre_trabajo_prescrito_y_real.json
      -> nodo guardado: cultura_de_seguridad_interpretivista_funcionalista.json
      -> nodo guardado: vieja_vision_vs_nueva_vision_seguridad.json
      -> nodo guardado: riesgos_programas_seguridad_conductual.json
    Chunk 15/18...
      -> nodo guardado: critica_behavior_based_safety.json
      -> nodo guardado: cuestionar_vision_zero.json
      -> nodo guardado: teoria_desastres_organizacionales.json
      -> nodo guardado: sistemas_alta_confiabilidad_hro.json
      -> nodo guardado: teoria_accidentes_normales.json
      -> nodo guardado: paradoja_bajos_incidentes_altas_fatalidades.json
      -> nodo guardado: clasificacion_sistemas_por_nivel_seguridad.json
      -> nodo guardado: aprendizaje_organizacional_desde_incidentes.json
    Chunk 16/18...
      -> nodo guardado: niveles_de_madurez_de_seguridad.json
      -> nodo guardado: thin_edge_of_the_wedge.json
      -> nodo guardado: fenomenos_seńuelo.json
      -> nodo guardado: insight_de_wald.json
      -> nodo guardado: trabajo_como_imaginado_vs_trabajo_como_hecho.json
      -> nodo guardado: preguntas_clave_armadura_organizacional.json
      -> nodo guardado: abandonar_arreglos_rapidos.json
    Chunk 17/18...
      -> nodo guardado: responsabilizacion_del_trabajador.json
      -> nodo guardado: abandonar_la_falacia_del_arreglo_rapido.json
      -> nodo guardado: hard_fixes_organizacionales.json
      -> nodo guardado: new_view_vs_old_view.json
      -> nodo guardado: investigacion_new_view.json
      -> nodo guardado: deriva_hacia_el_fallo.json
      -> nodo guardado: resiliencia_organizacional.json
      -> nodo guardado: cultura_justa_3.json
    Chunk 18/18...
      -> nodo guardado: process_tracing_methods.json
      -> nodo guardado: new_view_vs_old_view_de_error_humano.json

[Health and Safety] Finalizado. Nodos nuevos guardados: 239
  Colisiones de node_id renombradas: 21 (ver log)

=== Categoria: Quality (dominio='quality') ===
  Libros encontrados: 3
    - Juran's Quality Handbook_ The C - Joseph A. Defeo.txt: 70 chunk(s)
    - Out of the Crisis, Reissue - Deming, W. Edwards; Cahill, Kev.txt: 30 chunk(s)
    - Quality is free _ the art of making quality certain -- Philip B_ Crosby.md: 21 chunk(s)
  Total de llamadas a la API estimadas: 121
  Procesando 'Juran's Quality Handbook_ The C - Joseph A. Defeo': 70/70 chunk(s) pendientes...
    Chunk 1/70...
      -> nodo guardado: definicion_calidad_fitness_for_purpose.json
      -> nodo guardado: trilogia_de_juran.json
      -> nodo guardado: costo_de_mala_calidad.json
      -> nodo guardado: impacto_calidad_ingresos_costos.json
      -> nodo guardado: enfoques_gurus_calidad.json
    Chunk 2/70...
      -> nodo guardado: definicion_fitness_for_purpose.json
      -> nodo guardado: impacto_calidad_en_costos.json
      -> nodo guardado: impacto_calidad_en_ingresos.json
      -> nodo guardado: liderazgo_calidad_mercado.json
      -> nodo guardado: superioridad_calidad_market_share.json
      -> nodo guardado: carryover_fallas_producto.json
    Chunk 3/70...
      -> nodo guardado: relacion_calidad_cuota_mercado.json
      -> nodo guardado: fitness_for_purpose_vs_conformance.json
      -> nodo guardado: costo_de_uso_life_cycle.json
      -> nodo guardado: necesidades_reales_vs_declaradas.json
      -> nodo guardado: necesidades_psicologicas_cliente.json
      -> nodo guardado: necesidades_user_friendly.json
      -> nodo guardado: necesidad_mantener_informado.json
      -> nodo guardado: sistema_manejo_quejas.json
      -> nodo guardado: descubrir_necesidades_ocultas.json
      -> nodo guardado: analisis_licitaciones_no_ganadas.json
      -> nodo guardado: perfeccionismo_vs_valor.json
    Chunk 4/70...
      -> nodo guardado: vacios_conocimiento_cliente.json
      -> nodo guardado: gestion_para_la_calidad.json
      -> nodo guardado: trilogia_de_juran_2.json
      -> nodo guardado: doble_significado_calidad.json
      -> nodo guardado: costo_de_mala_calidad_copq.json
      -> nodo guardado: perfeccionismo_vs_valor_2.json
    Chunk 5/70...
      -> nodo guardado: costo_de_mala_calidad_copq_2.json
      -> nodo guardado: trilogia_de_juran_3.json
      -> nodo guardado: desperdicio_cronico_vs_esporadico.json
      -> nodo guardado: cultura_organizacional_calidad.json
      -> nodo guardado: modelo_transformacion_juran.json
      -> nodo guardado: pensamiento_sistemico_rol_triple.json
    Chunk 6/70...
      -> nodo guardado: teoria_triple_rol_sistemas_abiertos.json
      -> nodo guardado: planificacion_estrategica_despliegue.json
      -> nodo guardado: autocontrol_empoderamiento.json
      -> nodo guardado: auditorias_gerenciales_periodicas.json
      -> nodo guardado: reconocimiento_publico_recompensas.json
      -> nodo guardado: practicas_gerenciales_no_delegables.json
      -> nodo guardado: estructura_organizacional_funcional_proceso.json
    Chunk 7/70...
      -> nodo guardado: sistemas_sociotecnicos.json
      -> nodo guardado: empoderamiento_empleados.json
      -> nodo guardado: equipos_blitz.json
      -> nodo guardado: equipos_ruptura_vet.json
      -> nodo guardado: breakthrough_desempeno_actual.json
      -> nodo guardado: breakthrough_cultural.json
      -> nodo guardado: resistencia_al_cambio.json
      -> nodo guardado: normas_culturales_calidad.json
      -> nodo guardado: politica_de_calidad.json
    Chunk 8/70...
      -> nodo guardado: codigo_conducta_orientado_cliente.json
      -> nodo guardado: politica_calidad_organizacional.json
      -> nodo guardado: recursos_humanos_cultura.json
      -> nodo guardado: sostenibilidad_agil.json
      -> nodo guardado: consejo_calidad_informacion.json
      -> nodo guardado: ciclo_adaptativo_inteligencia.json
      -> nodo guardado: estudio_lealtad_cliente.json
      -> nodo guardado: benchmarking_mejores_practicas.json
      -> nodo guardado: juran_transformation_roadmap.json
      -> nodo guardado: decide_phase_roadmap.json
      -> nodo guardado: prepare_phase_roadmap.json
      -> nodo guardado: launch_phase_roadmap.json
      -> nodo guardado: expand_phase_roadmap.json
    Chunk 9/70...
      -> nodo guardado: oficina_calidad_y_excelencia.json
      -> nodo guardado: principios_gestion_calidad_iso9000.json
      -> nodo guardado: sistema_gestion_calidad.json
      -> nodo guardado: coordinacion_control_vs_cambio.json
      -> nodo guardado: organizaciones_paralelas_cambio.json
      -> nodo guardado: rol_tactico_estrategico_oficina.json
      -> nodo guardado: evaluacion_competencias_calidad.json
      -> nodo guardado: desarrollo_expertos_capaces.json
    Chunk 10/70...
      -> nodo guardado: estructura_global_oficina_calidad.json
      -> nodo guardado: competencias_director_calidad_bloom.json
      -> nodo guardado: competencias_ingeniero_calidad.json
      -> nodo guardado: certificacion_profesional_calidad.json
      -> nodo guardado: desarrollo_capacidades_expertos_calidad.json
      -> nodo guardado: responsabilidades_desarrollo_talento_calidad.json
      -> nodo guardado: juran_quality_by_design.json
      -> nodo guardado: design_for_six_sigma_dmadv.json
    Chunk 11/70...
      -> nodo guardado: modelo_quality_by_design_juran.json
      -> nodo guardado: brecha_de_calidad_cuatro_gaps.json
      -> nodo guardado: fitness_for_use_purpose.json
      -> nodo guardado: satisfaccion_vs_insatisfaccion_kano.json
      -> nodo guardado: establecer_proyecto_y_metas_diseno.json
      -> nodo guardado: identificar_clientes_diseno.json
      -> nodo guardado: descubrir_necesidades_cliente.json
      -> nodo guardado: desarrollar_caracteristicas_producto.json
      -> nodo guardado: desarrollar_caracteristicas_proceso.json
      -> nodo guardado: desarrollar_controles_transferir_operaciones.json
      -> nodo guardado: goal_statement_smart.json
    Chunk 12/70...
      -> nodo guardado: establecer_metas_de_calidad_basadas_en_mercado.json
      -> nodo guardado: definir_metas_smart_de_proyecto.json
      -> nodo guardado: establecer_politicas_de_nuevo_producto.json
      -> nodo guardado: establecer_equipo_multifuncional.json
      -> nodo guardado: identificar_clientes_externos_e_internos.json
      -> nodo guardado: descubrir_necesidades_del_cliente.json
      -> nodo guardado: gestion_de_quejas_y_fidelizacion.json
      -> nodo guardado: spreadsheet_diseno_para_la_calidad.json
    Chunk 13/70...
      -> nodo guardado: customer_needs_spreadsheet.json
      -> nodo guardado: traduccion_necesidades_cliente.json
      -> nodo guardado: unidades_medida_sensores.json
      -> nodo guardado: precision_exactitud_sensores.json
      -> nodo guardado: product_design_spreadsheet.json
      -> nodo guardado: desarrollo_caracteristicas_producto.json
      -> nodo guardado: criterios_diseńo_producto.json
      -> nodo guardado: establecer_metas_caracteristicas.json
    Chunk 14/70...
      -> nodo guardado: optimizacion_caracteristicas_diseno.json
      -> nodo guardado: revision_diseno.json
      -> nodo guardado: analisis_competitivo.json
      -> nodo guardado: analisis_vendibilidad.json
      -> nodo guardado: analisis_valor.json
      -> nodo guardado: establecer_diseno_final_producto.json
      -> nodo guardado: desarrollar_caracteristicas_proceso_2.json
      -> nodo guardado: anatomia_proceso_arbol_ensamble.json
      -> nodo guardado: seleccionar_diseno_general_proceso.json
      -> nodo guardado: identificar_caracteristicas_metas_proceso.json
      -> nodo guardado: diseno_para_factores_criticos.json
    Chunk 15/70...
      -> nodo guardado: diseno_de_procesos_por_caracteristicas.json
      -> nodo guardado: diseno_para_factores_criticos_y_error_humano.json
      -> nodo guardado: optimizacion_de_procesos.json
      -> nodo guardado: establecer_capacidad_del_proceso.json
      -> nodo guardado: reduccion_de_tiempo_de_ciclo.json
      -> nodo guardado: desarrollo_de_controles_de_proceso.json
      -> nodo guardado: herramientas_de_diseno_de_calidad.json
      -> nodo guardado: design_for_six_sigma_dfss.json
      -> nodo guardado: secuencia_universal_para_el_breakthrough.json
      -> nodo guardado: dmaic_six_sigma.json
    Chunk 16/70...
      -> nodo guardado: secuencia_universal_breakthrough.json
      -> nodo guardado: viaje_diagnostico_remedial.json
      -> nodo guardado: six_sigma_dmaic.json
      -> nodo guardado: analisis_pareto_priorizacion.json
      -> nodo guardado: consejo_de_calidad.json
      -> nodo guardado: establecer_proyecto_mejora.json
      -> nodo guardado: sostener_las_ganancias.json
      -> nodo guardado: replicar_resultados.json
      -> nodo guardado: diferencia_planeacion_mejora.json
    Chunk 17/70...
      -> nodo guardado: analisis_causa_raiz_diagnostico.json
      -> nodo guardado: mantener_las_ganancias.json
      -> nodo guardado: juran_trilogy.json
      -> nodo guardado: enfoque_proyecto_por_proyecto.json
      -> nodo guardado: proyectos_vitales_pocos.json
      -> nodo guardado: costo_mala_calidad_copq.json
      -> nodo guardado: aprobacion_alta_direccion.json
      -> nodo guardado: inhibidores_del_breakthrough.json
      -> nodo guardado: roi_breakthrough.json
    Chunk 18/70...
      -> nodo guardado: costo_de_mala_calidad_copq_3.json
      -> nodo guardado: categorias_copq.json
      -> nodo guardado: metodologia_medicion_copq.json
      -> nodo guardado: estrategias_estimacion_costos.json
      -> nodo guardado: roi_proyectos_calidad.json
      -> nodo guardado: seleccion_proyectos_six_sigma_basada_en_copq.json
    Chunk 19/70...
      -> nodo guardado: calculo_roi_calidad.json
      -> nodo guardado: lenguajes_jerarquia_organizacional.json
      -> nodo guardado: presentaciones_alta_direccion.json
      -> nodo guardado: consejo_calidad.json
      -> nodo guardado: metas_negocio_calidad.json
      -> nodo guardado: despliegue_metas.json
      -> nodo guardado: concepto_proyecto_breakthrough.json
      -> nodo guardado: principio_pareto.json
      -> nodo guardado: proceso_nominacion_seleccion.json
    Chunk 20/70...
      -> nodo guardado: criterios_seleccion_proyectos_calidad.json
      -> nodo guardado: pocos_vitales_muchos_utiles.json
      -> nodo guardado: analisis_pareto_proyectos_elefante.json
      -> nodo guardado: clonacion_replicacion_breakthrough.json
      -> nodo guardado: carta_proyecto_calidad.json
      -> nodo guardado: formacion_equipo_proyecto.json
      -> nodo guardado: rol_lider_equipo_calidad.json
      -> nodo guardado: rol_facilitador_black_belt.json
    Chunk 21/70...
    [reintento 1/3] JSON invalido: Unterminated string starting at: line 264 column 3 (char 17898)
      -> nodo guardado: rol_facilitador_equipos_mejora.json
      -> nodo guardado: rol_black_belt.json
      -> nodo guardado: terminologia_clave_breakthrough.json
      -> nodo guardado: diagnostico_antes_remedio.json
      -> nodo guardado: institucionalizar_breakthrough.json
      -> nodo guardado: revision_progreso_breakthrough.json
      -> nodo guardado: evaluacion_desempeno_proyectos.json
      -> nodo guardado: entrenamiento_para_breakthrough.json
      -> nodo guardado: control_calidad_definicion.json
      -> nodo guardado: bucle_retroalimentacion_control.json
      -> nodo guardado: sujetos_de_control.json
      -> nodo guardado: establecer_estandares_desempeno.json
      -> nodo guardado: sensor_medicion_desempeno.json
    Chunk 22/70...
      -> nodo guardado: establecimiento_metas_de_calidad.json
      -> nodo guardado: ciclo_de_retroalimentacion_control.json
      -> nodo guardado: ciclo_pdca_pdsa.json
      -> nodo guardado: piramide_de_control.json
      -> nodo guardado: mapa_de_proceso_planificacion_control.json
      -> nodo guardado: hoja_de_calculo_de_control.json
      -> nodo guardado: etapas_de_control_operativo.json
      -> nodo guardado: concepto_de_dominancia.json
      -> nodo guardado: capacidad_de_proceso.json
      -> nodo guardado: causas_especiales_y_comunes_variacion.json
      -> nodo guardado: carta_de_control_shewhart.json
    Chunk 23/70...
      -> nodo guardado: limites_control_estadistico_vs_tolerancias.json
      -> nodo guardado: autocontrol_y_controlabilidad.json
      -> nodo guardado: auto_inspeccion.json
      -> nodo guardado: decision_aptitud_para_uso.json
      -> nodo guardado: accion_correctiva_diagnostico_remedio.json
      -> nodo guardado: sistema_informacion_calidad.json
      -> nodo guardado: manual_de_calidad.json
      -> nodo guardado: auditoria_sistema_control_calidad.json
    Chunk 24/70...
      -> nodo guardado: auditoria_sistema_control_calidad_2.json
      -> nodo guardado: planificacion_estrategica_despliegue_2.json
      -> nodo guardado: hoshin_kanri.json
      -> nodo guardado: establecer_vision_organizacional.json
      -> nodo guardado: medicion_kpi.json
    Chunk 25/70...
      -> nodo guardado: establecer_vision_organizacional_2.json
      -> nodo guardado: definir_mision_organizacional.json
      -> nodo guardado: desarrollar_estrategias_largo_plazo.json
      -> nodo guardado: desarrollar_metas_anuales.json
      -> nodo guardado: articular_etica_valores.json
      -> nodo guardado: comunicar_politicas_organizacionales.json
      -> nodo guardado: consejo_ejecutivo_calidad.json
      -> nodo guardado: desplegar_metas_organizacion.json
      -> nodo guardado: catch_ball_comunicacion.json
      -> nodo guardado: medir_progreso_kpi.json
    Chunk 26/70...
      -> nodo guardado: diagrama_arbol_despliegue.json
      -> nodo guardado: sistema_medicion_kpi.json
      -> nodo guardado: revision_progreso.json
      -> nodo guardado: costo_de_mala_calidad_2.json
      -> nodo guardado: tablero_control_scorecard.json
      -> nodo guardado: auditoria_negocio.json
      -> nodo guardado: auditoria_presidente.json
      -> nodo guardado: consejo_calidad_2.json
      -> nodo guardado: rol_alta_direccion_calidad.json
      -> nodo guardado: rol_director_calidad.json
    Chunk 27/70...
      -> nodo guardado: consejo_de_calidad_y_rol_del_director.json
      -> nodo guardado: transferencia_de_actividades_a_departamentos_de_linea.json
      -> nodo guardado: gestion_estrategica_de_calidad_sqm.json
      -> nodo guardado: rol_de_mandos_medios_y_supervisores.json
      -> nodo guardado: rol_de_la_fuerza_laboral_en_calidad.json
      -> nodo guardado: rol_del_equipo_de_trabajo_en_calidad.json
      -> nodo guardado: formacion_seleccion_y_retencion_de_personal.json
      -> nodo guardado: definicion_y_concepto_de_aseguramiento_de_calidad.json
      -> nodo guardado: concepto_de_auditoria_de_calidad.json
      -> nodo guardado: principios_del_programa_de_auditoria_de_calidad.json
    Chunk 28/70...
      -> nodo guardado: programa_auditoria_calidad.json
      -> nodo guardado: principios_auditoria_calidad.json
      -> nodo guardado: estructuracion_programa_auditoria.json
      -> nodo guardado: planificacion_auditoria_individual.json
      -> nodo guardado: checklist_estandares_auditoria.json
      -> nodo guardado: ejecucion_auditoria.json
      -> nodo guardado: reporte_auditoria.json
      -> nodo guardado: seguimiento_accion_correctiva.json
      -> nodo guardado: relaciones_humanas_auditoria.json
      -> nodo guardado: auditoria_producto.json
    Chunk 29/70...
      -> nodo guardado: auditoria_de_producto.json
      -> nodo guardado: clasificacion_de_seriedad_de_defectos.json
      -> nodo guardado: gobierno_corporativo_y_calidad.json
      -> nodo guardado: planificacion_gobierno_organizaciones_familiares.json
    Chunk 30/70...
      -> nodo guardado: gobierno_corporativo_juntas_directivas.json
      -> nodo guardado: evaluacion_desempeno_junta_directiva.json
      -> nodo guardado: iso_9000_sistema_gestion_calidad.json
      -> nodo guardado: auditorias_vigilancia_certificacion.json
      -> nodo guardado: estandares_especificos_industria.json
    Chunk 31/70...
      -> nodo guardado: familia_normas_iso_9000.json
      -> nodo guardado: diferencia_iso9001_iso9004.json
      -> nodo guardado: trilogia_juran_qa_qc.json
      -> nodo guardado: certificacion_registro_sistema_calidad.json
      -> nodo guardado: acreditacion_organismos_certificadores.json
      -> nodo guardado: conformidad_comercio_internacional.json
      -> nodo guardado: adaptaciones_sectoriales_iso.json
    Chunk 32/70...
      -> nodo guardado: iso_ts_16949_automotriz.json
      -> nodo guardado: iso_31000_gestion_riesgo.json
      -> nodo guardado: concepto_variacion_estadistica.json
      -> nodo guardado: frecuencia_distribucion.json
      -> nodo guardado: histograma_calidad.json
      -> nodo guardado: boxplot_resumen_datos.json
      -> nodo guardado: run_chart_datos_temporales.json
      -> nodo guardado: medidas_tendencia_dispersion.json
      -> nodo guardado: distribucion_normal_probabilidad.json
      -> nodo guardado: analisis_capacidad_procesos.json
    Chunk 33/70...
      -> nodo guardado: distribucion_normal_probabilidad_2.json
      -> nodo guardado: histograma_analisis.json
      -> nodo guardado: distribucion_exponencial.json
      -> nodo guardado: distribucion_weibull.json
      -> nodo guardado: distribucion_poisson.json
      -> nodo guardado: distribucion_binomial.json
      -> nodo guardado: teoremas_probabilidad.json
      -> nodo guardado: gestion_riesgo_identificacion.json
    Chunk 34/70...
      -> nodo guardado: prevencion_de_groupthink_en_evaluacion_de_riesgos.json
      -> nodo guardado: identificacion_de_riesgos.json
      -> nodo guardado: evaluacion_de_factores_de_riesgo.json
      -> nodo guardado: matriz_riesgo_conocido_desconocido.json
      -> nodo guardado: plan_de_gestion_de_riesgos.json
      -> nodo guardado: equipo_de_gestion_de_crisis.json
      -> nodo guardado: aceptacion_de_fallas_como_inevitables.json
    Chunk 35/70...
      -> nodo guardado: evaluacion_gestion_riesgos.json
      -> nodo guardado: evitacion_del_riesgo.json
      -> nodo guardado: gestion_del_cambio.json
      -> nodo guardado: comunicacion_del_riesgo.json
      -> nodo guardado: introduccion_lean.json
      -> nodo guardado: value_stream_mapping.json
      -> nodo guardado: metodologia_6s.json
      -> nodo guardado: kaizen_mejora_continua.json
      -> nodo guardado: poka_yoke_a_prueba_de_errores.json
      -> nodo guardado: premio_shingo.json
    Chunk 36/70...
      -> nodo guardado: lean_manufacturing_tps.json
      -> nodo guardado: shingo_prize.json
      -> nodo guardado: shingo_enterprise_excellence_model.json
      -> nodo guardado: principios_facilitadores_culturales.json
      -> nodo guardado: principios_mejora_continua.json
      -> nodo guardado: principios_alineacion_empresarial.json
      -> nodo guardado: creacion_valor_cliente.json
      -> nodo guardado: evaluacion_madurez_shingo.json
    Chunk 37/70...
      -> nodo guardado: modelo_shingo_evaluacion_excelencia.json
      -> nodo guardado: tres_tipos_desperdicio_tps.json
      -> nodo guardado: ocho_desperdicios_lean.json
      -> nodo guardado: mapeo_flujo_valor.json
      -> nodo guardado: sistema_pull_push.json
      -> nodo guardado: eventos_kaizen_rie.json
      -> nodo guardado: lean_six_sigma_roadmap.json
    Chunk 38/70...
      -> nodo guardado: value_stream_mapping_2.json
      -> nodo guardado: pull_vs_push_systems.json
      -> nodo guardado: takt_time_demand.json
      -> nodo guardado: value_non_value_added_analysis.json
      -> nodo guardado: 6s_workplace_organization.json
      -> nodo guardado: inventory_analysis_lean.json
      -> nodo guardado: littles_law.json
      -> nodo guardado: constraint_management.json
      -> nodo guardado: kanban_pull_system.json
      -> nodo guardado: smed_setup_reduction.json
      -> nodo guardado: tpm_maintenance.json
      -> nodo guardado: rcm_reliability_centered_maintenance.json
      -> nodo guardado: mistake_proofing_poka_yoke.json
    Chunk 39/70...
      -> nodo guardado: mistake_proofing_poka_yoke_2.json
      -> nodo guardado: six_sigma_dmaic_2.json
      -> nodo guardado: dmadv_design_for_six_sigma.json
      -> nodo guardado: roles_six_sigma.json
    Chunk 40/70...
      -> nodo guardado: rol_black_belt_six_sigma.json
      -> nodo guardado: rol_green_belt_six_sigma.json
      -> nodo guardado: roles_equipo_proyecto_six_sigma.json
      -> nodo guardado: roadmap_despliegue_lean_six_sigma.json
      -> nodo guardado: dmaic_fase_select.json
      -> nodo guardado: dmaic_fase_define.json
      -> nodo guardado: dmaic_fase_measure.json
      -> nodo guardado: dmaic_fase_analyze.json
      -> nodo guardado: dmaic_fase_improve.json
    Chunk 41/70...
      -> nodo guardado: diseno_experimentos_doe_mejora.json
      -> nodo guardado: evaluacion_seleccion_alternativas_mejora.json
      -> nodo guardado: diseno_de_mejoras_para_clientes.json
      -> nodo guardado: diseno_controles_proceso_mejorado.json
      -> nodo guardado: gestion_resistencia_cultural_cambio.json
      -> nodo guardado: validacion_sistema_medicion.json
      -> nodo guardado: establecimiento_capacidad_proceso.json
      -> nodo guardado: implementacion_monitoreo_controles.json
      -> nodo guardado: juran_rcca_metodo.json
      -> nodo guardado: definicion_problema_moms.json
      -> nodo guardado: analisis_diagnostico_causa.json
      -> nodo guardado: certificacion_belts_six_sigma.json
    Chunk 42/70...
      -> nodo guardado: herramientas_analisis_causa_raiz.json
      -> nodo guardado: definicion_problema_moms_2.json
      -> nodo guardado: analisis_sintomas.json
      -> nodo guardado: formulacion_teorias_causa.json
      -> nodo guardado: prueba_teorias_causa_raiz.json
      -> nodo guardado: evaluacion_alternativas_solucion.json
      -> nodo guardado: diseńo_implementacion_remedio.json
      -> nodo guardado: control_mantener_ganancias.json
      -> nodo guardado: ciclo_pdsa.json
    Chunk 43/70...
      -> nodo guardado: pdsa_shewhart_cycle.json
      -> nodo guardado: just_do_its.json
      -> nodo guardado: design_for_six_sigma_dmadv_2.json
      -> nodo guardado: qfd_matriz_calidad.json
      -> nodo guardado: tipos_innovacion_i_ii.json
    Chunk 44/70...
      -> nodo guardado: innovacion_tipo_ii.json
      -> nodo guardado: dfss_metodologia.json
      -> nodo guardado: ctq_caracteristicas_criticas.json
      -> nodo guardado: qfd_matriz.json
      -> nodo guardado: design_scorecard.json
      -> nodo guardado: quality_by_design.json
      -> nodo guardado: concurrent_engineering.json
      -> nodo guardado: design_for_manufacture.json
      -> nodo guardado: design_for_assembly.json
      -> nodo guardado: design_for_environment.json
    Chunk 45/70...
      -> nodo guardado: dmadv_fase_diseno.json
      -> nodo guardado: dmadv_fase_verificacion.json
      -> nodo guardado: benchmarking_proceso.json
      -> nodo guardado: clasificacion_benchmarking.json
    Chunk 46/70...
      -> nodo guardado: tipos_benchmarking_por_participante.json
      -> nodo guardado: generic_benchmarking.json
      -> nodo guardado: business_excellence_models.json
      -> nodo guardado: fuentes_datos_benchmarking.json
      -> nodo guardado: consortium_benchmarking.json
      -> nodo guardado: benchmarking_trilogia_juran.json
      -> nodo guardado: benchmarking_estrategia.json
      -> nodo guardado: proceso_benchmarking_juran_7pasos.json
      -> nodo guardado: validacion_datos_benchmarking.json
    Chunk 47/70...
      -> nodo guardado: recoleccion_validacion_datos_benchmarking.json
      -> nodo guardado: normalizacion_de_datos.json
      -> nodo guardado: analisis_reporte_benchmarking.json
      -> nodo guardado: identificacion_practicas_lideres.json
      -> nodo guardado: comprension_brechas_desempeno.json
      -> nodo guardado: aspectos_legales_eticos_benchmarking.json
      -> nodo guardado: gestion_efectiva_benchmarking.json
    Chunk 48/70...
      -> nodo guardado: rol_alta_direccion_benchmarking.json
      -> nodo guardado: caso_estudio_benchmarking_terminal.json
      -> nodo guardado: monitoreo_continuo_benchmarking.json
      -> nodo guardado: diagrama_afinidad.json
      -> nodo guardado: diagrama_barreras_ayudas.json
      -> nodo guardado: estadistica_basica_calidad.json
      -> nodo guardado: analisis_beneficio_costo.json
      -> nodo guardado: diagrama_caja.json
      -> nodo guardado: brainstorming.json
      -> nodo guardado: diagrama_causa_efecto.json
      -> nodo guardado: hojas_de_verificacion.json
      -> nodo guardado: plan_de_control.json
      -> nodo guardado: hoja_necesidades_cliente.json
    Chunk 49/70...
      -> nodo guardado: matriz_de_control_de_proceso.json
      -> nodo guardado: hoja_de_necesidades_del_cliente.json
      -> nodo guardado: fmea_analisis_de_modos_de_falla.json
      -> nodo guardado: diagrama_de_flujo_proceso_map.json
      -> nodo guardado: graficos_y_diagramas.json
      -> nodo guardado: histograma.json
      -> nodo guardado: analisis_pareto.json
      -> nodo guardado: matriz_de_planificacion_arbol.json
      -> nodo guardado: matriz_pugh.json
      -> nodo guardado: matriz_de_seleccion.json
      -> nodo guardado: sipoc.json
      -> nodo guardado: control_estadistico_de_procesos.json
    Chunk 50/70...
      -> nodo guardado: control_charts_shewhart.json
      -> nodo guardado: graficos_control_variables.json
      -> nodo guardado: graficos_control_atributos.json
      -> nodo guardado: interpretacion_graficos_variables.json
      -> nodo guardado: estratificacion_datos.json
      -> nodo guardado: principios_medicion_efectiva.json
      -> nodo guardado: planificacion_recoleccion_datos.json
      -> nodo guardado: tipos_escalas_medicion.json
    Chunk 51/70...
      -> nodo guardado: analisis_de_sistemas_de_medicion_msa.json
      -> nodo guardado: tipos_de_escalas_de_medicion.json
      -> nodo guardado: clases_de_medidas_de_calidad.json
      -> nodo guardado: diseno_de_metodos_de_recoleccion_de_datos.json
      -> nodo guardado: cribado_de_datos.json
      -> nodo guardado: resumen_de_datos_graficos.json
    Chunk 52/70...
      -> nodo guardado: visualizacion_datos_deteccion_outliers.json
      -> nodo guardado: histogramas_distribucion_frecuencias.json
      -> nodo guardado: concepto_variacion_estadistica_2.json
      -> nodo guardado: distribuciones_probabilidad.json
      -> nodo guardado: inferencia_estadistica_muestreo.json
      -> nodo guardado: estimacion_intervalos_confianza.json
      -> nodo guardado: determinacion_tamano_muestra.json
      -> nodo guardado: prueba_hipotesis.json
      -> nodo guardado: pruebas_no_parametricas_transformacion.json
      -> nodo guardado: analisis_regresion_correlacion.json
    Chunk 53/70...
    Chunk 54/70...
      -> nodo guardado: curva_bańera_periodos_fallo.json
      -> nodo guardado: distribucion_weibull_confiabilidad.json
      -> nodo guardado: formula_exponencial_confiabilidad.json
      -> nodo guardado: relacion_confiabilidad_sistema_partes.json
      -> nodo guardado: prediccion_confiabilidad_diseńo.json
      -> nodo guardado: disponibilidad_producto.json
      -> nodo guardado: limites_especificacion_funcionales.json
      -> nodo guardado: limites_tolerancia_estadistica.json
      -> nodo guardado: funcion_perdida_taguchi.json
      -> nodo guardado: limites_especificacion_dimensiones_interactuantes.json
    Chunk 55/70...
    [reintento 1/3] JSON invalido: Unterminated string starting at: line 229 column 25 (char 18209)
      -> nodo guardado: funcion_perdida_limites_especificacion.json
      -> nodo guardado: tolerancia_estadistica_dimensiones_interactuantes.json
      -> nodo guardado: pre_control_estadistico.json
      -> nodo guardado: graficos_control_tiradas_cortas.json
      -> nodo guardado: grafico_cusum.json
      -> nodo guardado: grafico_media_movil_ewma.json
      -> nodo guardado: grafico_box_jenkins.json
      -> nodo guardado: graficos_control_multivariados.json
      -> nodo guardado: capacidad_proceso_concepto.json
      -> nodo guardado: planificacion_estudio_capacidad.json
      -> nodo guardado: indice_cp.json
      -> nodo guardado: indice_cpk.json
    Chunk 56/70...
      -> nodo guardado: analisis_capacidad_proceso.json
      -> nodo guardado: interpretacion_cpk.json
      -> nodo guardado: analisis_datos_atributos.json
      -> nodo guardado: diseno_servicio_calidad.json
      -> nodo guardado: analisis_flujo_proceso_servicio.json
      -> nodo guardado: reduccion_tiempo_ciclo.json
      -> nodo guardado: error_proofing_servicio.json
      -> nodo guardado: medicion_capacidad_servicio.json
    Chunk 57/70...
      -> nodo guardado: autocontrol_planificacion_servicio.json
      -> nodo guardado: control_calidad_operaciones_servicio.json
      -> nodo guardado: auditorias_calidad_proceso.json
      -> nodo guardado: empoderamiento_personal_frontline.json
      -> nodo guardado: organizacion_equipos_calidad_servicio.json
      -> nodo guardado: seis_sigma_servicios.json
    Chunk 58/70...
      -> nodo guardado: equipos_autodirigidos_servicio.json
      -> nodo guardado: seis_sigma_servicios_2.json
      -> nodo guardado: modelo_servqual.json
      -> nodo guardado: framework_efectividad_procesos.json
      -> nodo guardado: gestion_datos_calidad.json
      -> nodo guardado: mejora_continua_operaciones.json
      -> nodo guardado: lean_manufacturing.json
      -> nodo guardado: ocho_desperdicios.json
      -> nodo guardado: takt_time.json
      -> nodo guardado: mapeo_flujo_valor_2.json
      -> nodo guardado: planificacion_inicial_calidad.json
      -> nodo guardado: caracteristicas_clave_producto_proceso.json
    Chunk 59/70...
      -> nodo guardado: key_process_product_characteristics.json
      -> nodo guardado: analisis_flujo_proceso.json
      -> nodo guardado: control_proceso_variables.json
      -> nodo guardado: errores_a_prueba_poka_yoke.json
      -> nodo guardado: 6s_lugar_trabajo.json
      -> nodo guardado: validacion_sistema_medicion_2.json
      -> nodo guardado: concepto_autocontrol.json
      -> nodo guardado: feedback_supervisores_trabajadores.json
      -> nodo guardado: mantenimiento_productivo_total.json
    Chunk 60/70...
    Chunk 61/70...
      -> nodo guardado: auditoria_de_proceso.json
      -> nodo guardado: auditoria_de_producto_2.json
      -> nodo guardado: medicion_de_calidad_en_manufactura.json
      -> nodo guardado: enfoque_mejora_continua_operaciones.json
      -> nodo guardado: error_proofing_six_sigma_lean.json
      -> nodo guardado: revolucion_relaciones_proveedores.json
      -> nodo guardado: especificacion_requisitos_proveedores.json
      -> nodo guardado: requisitos_numericos_calidad_lotes.json
    Chunk 62/70...
      -> nodo guardado: especificacion_requisitos_calidad_proveedores.json
      -> nodo guardado: requisitos_numericos_calidad_lotes_2.json
      -> nodo guardado: definicion_sistema_calidad_proveedor.json
      -> nodo guardado: seleccion_hacer_o_comprar.json
      -> nodo guardado: seleccion_fuente_unica_multiple.json
      -> nodo guardado: evaluacion_encuesta_calidad_proveedor.json
      -> nodo guardado: planificacion_cadena_suministro.json
      -> nodo guardado: planificacion_economica_conjunta.json
      -> nodo guardado: planificacion_tecnologica_conjunta.json
    Chunk 63/70...
      -> nodo guardado: control_del_proceso_del_proveedor.json
      -> nodo guardado: clasificacion_de_seriedad_de_defectos_2.json
      -> nodo guardado: planes_de_muestreo_de_aceptacion.json
      -> nodo guardado: establecimiento_de_niveles_de_calidad_aql_dpm.json
      -> nodo guardado: trazabilidad_de_lotes.json
      -> nodo guardado: sistema_de_alarma_de_defectos.json
      -> nodo guardado: certificacion_de_proveedores.json
      -> nodo guardado: calificacion_de_calidad_de_proveedores.json
      -> nodo guardado: analisis_pareto_de_proveedores.json
      -> nodo guardado: equipo_conjunto_de_mejora_con_proveedores.json
      -> nodo guardado: planificacion_de_la_inspeccion.json
      -> nodo guardado: conformidad_especificacion_aptitud_uso.json
    Chunk 64/70...
      -> nodo guardado: decision_conformidad_producto.json
      -> nodo guardado: decision_aptitud_uso.json
      -> nodo guardado: decision_comunicacion.json
      -> nodo guardado: disposicion_producto_no_conforme.json
      -> nodo guardado: accion_correctiva.json
      -> nodo guardado: planificacion_inspeccion.json
      -> nodo guardado: clasificacion_caracteristicas_calidad.json
      -> nodo guardado: clasificacion_seriedad.json
      -> nodo guardado: inspeccion_caracteristicas_sensoriales.json
      -> nodo guardado: inspeccion_automatizada.json
    Chunk 65/70...
      -> nodo guardado: clasificacion_seriedad_defectos.json
      -> nodo guardado: inspeccion_automatizada_2.json
      -> nodo guardado: errores_de_medicion.json
      -> nodo guardado: economia_de_la_inspeccion.json
      -> nodo guardado: muestreo_de_aceptacion.json
      -> nodo guardado: curva_caracteristica_operativa.json
      -> nodo guardado: indices_calidad_muestreo.json
    Chunk 66/70...
      -> nodo guardado: niveles_calidad_muestreo_aql_lql_aoql.json
      -> nodo guardado: tipos_planes_muestreo_atributos_variables.json
      -> nodo guardado: single_double_multiple_sampling.json
      -> nodo guardado: seleccion_plan_muestreo_ansi_z14.json
      -> nodo guardado: muestreo_dodge_romig.json
      -> nodo guardado: acceptance_control.json
      -> nodo guardado: evaluacion_organizacional_calidad.json
      -> nodo guardado: alineacion_estrategica_despliegue.json
      -> nodo guardado: costo_pobre_calidad.json
    Chunk 67/70...
      -> nodo guardado: evaluacion_riesgo_calidad_organizacional.json
      -> nodo guardado: costo_de_mala_calidad_3.json
      -> nodo guardado: categorias_costos_calidad.json
      -> nodo guardado: costos_ocultos_calidad.json
      -> nodo guardado: costo_optimo_calidad.json
    Chunk 68/70...
      -> nodo guardado: costo_de_mala_calidad_copq_4.json
      -> nodo guardado: modelo_costo_optimo_calidad.json
      -> nodo guardado: estudio_mercado_calidad.json
      -> nodo guardado: mapa_satisfaccion_importancia.json
      -> nodo guardado: criterios_baldrige_excelencia.json
      -> nodo guardado: valores_centrales_baldrige.json
      -> nodo guardado: sistema_puntuacion_baldrige.json
      -> nodo guardado: certificacion_iso_9000.json
    Chunk 69/70...
      -> nodo guardado: auditorias_primera_segunda_tercera_parte.json
      -> nodo guardado: certificacion_registro_sistemas_calidad.json
      -> nodo guardado: adopciones_industria_especifica_iso9000.json
      -> nodo guardado: buenas_practicas_manufactura_cgmp.json
      -> nodo guardado: modelo_madurez_capacidades_cmmi.json
      -> nodo guardado: benchmarking_7_pasos_juran.json
      -> nodo guardado: normalizacion_datos_benchmarking.json
    Chunk 70/70...
      -> nodo guardado: aprendizaje_institucionalizado_benchmarking.json
      -> nodo guardado: normalizacion_datos_benchmarking_2.json
      -> nodo guardado: analisis_identificacion_mejores_practicas.json
      -> nodo guardado: desarrollo_reporte_benchmarking.json
      -> nodo guardado: estructura_competencias_six_sigma_lean.json
  Procesando 'Out of the Crisis, Reissue - Deming, W. Edwards; Cahill, Kev': 30/30 chunk(s) pendientes...
    Chunk 1/30...
      -> nodo guardado: cadena_reaccion_calidad_productividad.json
      -> nodo guardado: sistema_estable_causas_comunes.json
      -> nodo guardado: definiciones_operacionales.json
      -> nodo guardado: control_estadistico_proceso.json
      -> nodo guardado: innovacion_tras_control_estadistico.json
      -> nodo guardado: costo_de_la_mala_calidad.json
      -> nodo guardado: medidas_productividad_no_mejoran.json
    Chunk 2/30...
      -> nodo guardado: los_14_puntos_deming.json
      -> nodo guardado: teoria_de_la_gestion.json
      -> nodo guardado: constancia_de_proposito.json
      -> nodo guardado: adoptar_nueva_filosofia.json
      -> nodo guardado: cese_dependencia_inspeccion_masiva.json
      -> nodo guardado: fin_precio_como_criterio_unico.json
      -> nodo guardado: rechazo_utilidades_corto_plazo.json
    Chunk 3/30...
      -> nodo guardado: compra_por_precio_mas_bajo_como_error.json
      -> nodo guardado: relacion_largo_plazo_proveedor_unico.json
      -> nodo guardado: calificacion_de_proveedores_por_capacidad.json
      -> nodo guardado: equipos_conjuntos_diseńo_proveedor.json
      -> nodo guardado: mejora_continua_del_sistema.json
      -> nodo guardado: practicas_manufactura_justo_a_tiempo.json
    Chunk 4/30...
      -> nodo guardado: mejora_continua_del_proceso.json
      -> nodo guardado: distincion_causas_especiales_comunes.json
      -> nodo guardado: institucionalizar_capacitacion.json
      -> nodo guardado: adopcion_liderazgo.json
      -> nodo guardado: eliminar_miedo.json
      -> nodo guardado: eliminar_barreras_departamentales.json
      -> nodo guardado: eliminar_slogans_metas.json
    Chunk 5/30...
      -> nodo guardado: eliminar_slogans_y_exhortaciones.json
      -> nodo guardado: sistema_estable_variacion.json
      -> nodo guardado: eliminar_cuotas_numericas_trabajadores.json
      -> nodo guardado: eliminar_metas_numericas_gerencia.json
      -> nodo guardado: remover_barreras_orgullo_trabajo.json
    Chunk 6/30...
      -> nodo guardado: orgullo_por_el_trabajo.json
      -> nodo guardado: fomento_educacion_autoeducacion.json
      -> nodo guardado: plan_de_accion_transformacion.json
      -> nodo guardado: ciclo_shewhart_pdsa.json
      -> nodo guardado: proceso_como_cadena_de_etapas.json
      -> nodo guardado: preguntas_para_formacion_de_equipos.json
      -> nodo guardado: categorias_de_material_entrante.json
      -> nodo guardado: enfermedades_mortales_gestion.json
      -> nodo guardado: falta_de_constancia_de_proposito.json
      -> nodo guardado: enfasis_en_ganancias_corto_plazo.json
    Chunk 7/30...
      -> nodo guardado: las_siete_enfermedades_mortales.json
      -> nodo guardado: falta_de_constancia_de_proposito_2.json
      -> nodo guardado: enfasis_en_utilidades_corto_plazo.json
      -> nodo guardado: evaluacion_de_desempeno_merito.json
      -> nodo guardado: variacion_del_sistema_vs_individuo.json
    Chunk 8/30...
    Chunk 9/30...
      -> nodo guardado: circulos_calidad_qc.json
      -> nodo guardado: falacia_problemas_diferentes.json
      -> nodo guardado: ensenanza_deficiente_metodos_estadisticos.json
      -> nodo guardado: limitaciones_intervalos_confianza.json
      -> nodo guardado: criticas_muestreo_aceptacion.json
      -> nodo guardado: mito_departamento_control_calidad.json
      -> nodo guardado: falacia_culpa_trabajadores.json
      -> nodo guardado: falsos_comienzos_mejora_calidad.json
      -> nodo guardado: uso_inadecuado_computadoras.json
      -> nodo guardado: insuficiencia_especificaciones.json
      -> nodo guardado: falacia_cero_defectos.json
      -> nodo guardado: pruebas_inadecuadas_prototipos.json
    Chunk 10/30...
    [reintento 1/3] JSON invalido: Unterminated string starting at: line 187 column 24 (char 15590)
      -> nodo guardado: control_estadistico_de_procesos_en_tiempo_real.json
      -> nodo guardado: definiciones_operacionales_de_calidad.json
      -> nodo guardado: preparacion_gerencial_antes_de_circulos_de_calidad.json
      -> nodo guardado: enfoque_en_procesos_no_en_problemas.json
      -> nodo guardado: eliminacion_inspeccion_masiva_por_control_estadistico.json
      -> nodo guardado: cuestionario_autoevaluacion_gerencial_calidad.json
      -> nodo guardado: transformacion_gerencial_para_la_calidad.json
      -> nodo guardado: relaciones_largo_plazo_con_proveedores.json
      -> nodo guardado: eliminacion_gestion_por_objetivos_y_numeros.json
      -> nodo guardado: eliminacion_barreras_orgullo_del_trabajo.json
    Chunk 11/30...
      -> nodo guardado: eliminacion_estandares_trabajo.json
      -> nodo guardado: critica_gestion_por_objetivos.json
      -> nodo guardado: supervision_a_liderazgo.json
      -> nodo guardado: eliminacion_pago_destajo.json
      -> nodo guardado: barreras_orgullo_trabajo.json
      -> nodo guardado: sistema_estable_deming.json
      -> nodo guardado: estadistico_competente_organizacion.json
      -> nodo guardado: definicion_calidad_segun_agente.json
      -> nodo guardado: consumidor_parte_linea_produccion.json
      -> nodo guardado: investigacion_necesidades_consumidor.json
      -> nodo guardado: inspeccion_optima_proceso.json
    Chunk 12/30...
      -> nodo guardado: consumidor_como_eje_de_produccion.json
      -> nodo guardado: identificacion_del_verdadero_cliente.json
      -> nodo guardado: triangulo_de_interaccion_calidad.json
      -> nodo guardado: investigacion_del_consumidor.json
      -> nodo guardado: ciclo_de_mejora_continua_helix.json
      -> nodo guardado: quejas_llegan_tarde.json
      -> nodo guardado: calidad_del_servicio.json
      -> nodo guardado: contacto_con_el_cliente.json
    Chunk 13/30...
      -> nodo guardado: procedimientos_definidos_en_servicios.json
      -> nodo guardado: contacto_con_el_cliente_2.json
      -> nodo guardado: retroalimentacion_cliente_mejora_servicio.json
      -> nodo guardado: eliminacion_firmas_redundantes.json
      -> nodo guardado: adaptacion_14_puntos_servicio_medico.json
      -> nodo guardado: estudio_desempeno_run_charts_servicios.json
    Chunk 14/30...
    [reintento 1/3] JSON invalido: Unterminated string starting at: line 202 column 5 (char 17081)
      -> nodo guardado: eliminacion_de_firmas_duplicadas_responsabilidad_unica.json
      -> nodo guardado: retroalimentacion_inmediata_de_errores.json
      -> nodo guardado: muestreo_estadistico_para_inspeccion.json
      -> nodo guardado: control_estadistico_de_inventario_en_transito.json
      -> nodo guardado: sistema_estable_responsabilidad_gerencial.json
      -> nodo guardado: diseno_de_calidad_desde_planificacion.json
      -> nodo guardado: costos_de_calidad_cuatro_categorias.json
      -> nodo guardado: identificacion_causa_raiz_no_culpa_individual.json
      -> nodo guardado: muestreo_con_seguimiento_no_respondientes.json
    Chunk 15/30...
      -> nodo guardado: cuatro_costos_de_calidad.json
      -> nodo guardado: calidad_de_diseno_vs_produccion.json
      -> nodo guardado: capacidad_de_proceso_2.json
      -> nodo guardado: moral_y_sistema_no_individuo.json
      -> nodo guardado: liderazgo_para_mejora_continua.json
      -> nodo guardado: entrenamiento_y_control_estadistico.json
      -> nodo guardado: circulos_de_calidad_para_mejora_operativa.json
      -> nodo guardado: mantenimiento_preventivo_orientado_al_cliente.json
    Chunk 16/30...
      -> nodo guardado: aim_of_leadership.json
      -> nodo guardado: distincion_causas_comunes_especiales.json
      -> nodo guardado: importancia_de_la_capacitacion.json
      -> nodo guardado: control_estadistico_de_procesos_2.json
      -> nodo guardado: deteccion_de_lideres_y_rezagados.json
      -> nodo guardado: definiciones_operacionales_2.json
      -> nodo guardado: administracion_sin_miedo.json
      -> nodo guardado: administracion_de_inspeccion.json
      -> nodo guardado: control_estadistico_de_metodo_de_prueba.json
    Chunk 17/30...
      -> nodo guardado: control_estadistico_metodo_medicion.json
      -> nodo guardado: definiciones_operacionales_3.json
      -> nodo guardado: ausencia_valor_verdadero.json
      -> nodo guardado: gestion_miedo_reportes.json
      -> nodo guardado: falacia_recompensa_loteria.json
    Chunk 18/30...
      -> nodo guardado: definiciones_operacionales_4.json
      -> nodo guardado: caso_definicion_arruga.json
      -> nodo guardado: muestreo_aleatorio_operacional.json
      -> nodo guardado: estandares_voluntarios.json
    Chunk 19/30...
      -> nodo guardado: estandarizacion_industrial_voluntaria.json
      -> nodo guardado: colaboracion_industria_gobierno_estandares.json
      -> nodo guardado: causas_comunes_causas_especiales.json
      -> nodo guardado: grafico_de_corrida_run_chart.json
      -> nodo guardado: sistema_responsabilidad_gerencial.json
    Chunk 20/30...
    Chunk 21/30...
      -> nodo guardado: control_estadistico_del_proceso.json
      -> nodo guardado: limites_de_especificacion_vs_limites_de_control.json
      -> nodo guardado: causas_comunes_vs_especiales.json
      -> nodo guardado: graficos_de_control_uso.json
      -> nodo guardado: capacidad_del_proceso.json
      -> nodo guardado: ventajas_control_estadistico.json
      -> nodo guardado: experimento_cuentas_rojas.json
      -> nodo guardado: reduccion_inventario_calidad.json
      -> nodo guardado: muestreo_aleatorio_vs_mecanico.json
    Chunk 22/30...
      -> nodo guardado: distorsion_muestreo_mecanico.json
      -> nodo guardado: control_estadistico_no_implica_cero_defectos.json
      -> nodo guardado: estudio_mezclas_multiples_fuentes.json
      -> nodo guardado: limites_control_por_juicio_error.json
      -> nodo guardado: distincion_causas_comunes_especiales_2.json
      -> nodo guardado: sistema_responsabilidad_gerencial_2.json
      -> nodo guardado: mal_uso_histograma_vs_carta_control.json
    Chunk 23/30...
      -> nodo guardado: distincion_causas_comunes_especiales_3.json
      -> nodo guardado: mejora_del_sistema_responsabilidad_gerencial.json
      -> nodo guardado: politica_no_culpar_trabajador.json
      -> nodo guardado: graficos_control_individuales_operarios.json
      -> nodo guardado: analisis_distribucion_poisson_para_capacidad.json
      -> nodo guardado: gestion_participativa_qc_circle_supervisores.json
    Chunk 24/30...
      -> nodo guardado: trampa_del_promedio_como_estandar.json
      -> nodo guardado: falacia_meta_numerica_sin_metodo.json
      -> nodo guardado: sistemas_recompensa_aleatorios.json
      -> nodo guardado: limitaciones_analisis_costo_beneficio.json
      -> nodo guardado: reporte_gerencial_diagnostico_calidad.json
      -> nodo guardado: eliminar_trabajo_a_destajo.json
      -> nodo guardado: definiciones_operacionales_defectos.json
      -> nodo guardado: abolir_inspeccion_masiva.json
      -> nodo guardado: responsabilidad_gerencial_causas_comunes.json
    Chunk 25/30...
    Chunk 26/30...
      -> nodo guardado: regla_todo_o_nada_inspeccion.json
      -> nodo guardado: pruebas_destructivas.json
      -> nodo guardado: probabilidad_falla_ensamblaje_multiple.json
      -> nodo guardado: eliminacion_planes_muestreo_estandar.json
      -> nodo guardado: verificacion_paralela_trabajo_critico.json
      -> nodo guardado: deteccion_defectos_raros_control_estadistico.json
      -> nodo guardado: redundancia_diseńo_confiabilidad.json
      -> nodo guardado: economia_subensambles_inspeccion.json
    Chunk 27/30...
      -> nodo guardado: graficos_control_defectos_raros.json
      -> nodo guardado: redundancia_en_diseno.json
      -> nodo guardado: comparacion_metodos_inspeccion.json
      -> nodo guardado: punto_equilibrio_calidad.json
      -> nodo guardado: cribado_prueba_barata.json
      -> nodo guardado: riesgos_consenso_inspeccion.json
      -> nodo guardado: comparacion_inspectores_independientes.json
    Chunk 28/30...
      -> nodo guardado: punto_equilibrio_calidad_inspeccion.json
      -> nodo guardado: regla_todo_o_nada_inspeccion_2.json
      -> nodo guardado: organizacion_liderazgo_estadistico.json
      -> nodo guardado: relacion_doble_reporte_dotted_line.json
      -> nodo guardado: correlacion_cero_muestra_remanente.json
    Chunk 29/30...
      -> nodo guardado: estructura_reporte_dual_estadistico.json
      -> nodo guardado: reglas_deming_consultoria_calidad.json
      -> nodo guardado: distincion_causas_comunes_especiales_incidentes.json
      -> nodo guardado: claridad_especificaciones_instrucciones.json
      -> nodo guardado: analisis_variacion_desempeno_servicio.json
      -> nodo guardado: inventario_conocimiento_estadistico_personal.json
      -> nodo guardado: transformacion_calidad_compromiso_alta_direccion_japon.json
    Chunk 30/30...
      -> nodo guardado: circulos_de_calidad_qc_circles.json
      -> nodo guardado: educacion_estadistica_para_la_calidad.json
      -> nodo guardado: responsabilidad_gerencial_en_la_calidad.json
      -> nodo guardado: mejora_de_proceso_como_via_a_productividad.json
  Procesando 'Quality is free _ the art of making quality certain -- Philip B_ Crosby': 21/21 chunk(s) pendientes...
    Chunk 1/21...
      -> nodo guardado: concepto_quality_is_free.json
      -> nodo guardado: concepto_haciendo_la_calidad_cierta.json
      -> nodo guardado: concepto_cuatro_pilares_programa_calidad.json
      -> nodo guardado: concepto_costo_de_calidad.json
      -> nodo guardado: concepto_programa_catorce_pasos.json
      -> nodo guardado: concepto_zero_defects.json
      -> nodo guardado: concepto_reconocimiento_ring_of_quality.json
      -> nodo guardado: concepto_supuestos_erroneos_sobre_calidad.json
    Chunk 2/21...
      -> nodo guardado: definicion_calidad_conformidad_requisitos.json
      -> nodo guardado: cinco_suposiciones_erroneas_calidad.json
      -> nodo guardado: costo_de_la_calidad.json
      -> nodo guardado: quality_management_maturity_grid.json
      -> nodo guardado: prevencion_gestion_calidad.json
    Chunk 3/21...
      -> nodo guardado: quality_management_maturity_grid_2.json
      -> nodo guardado: definicion_calidad_conformidad_requisitos_2.json
      -> nodo guardado: costo_de_calidad_diagnostico.json
    Chunk 4/21...
      -> nodo guardado: definicion_calidad_como_conformidad.json
      -> nodo guardado: quality_management_maturity_grid_3.json
      -> nodo guardado: responsabilidad_personal_en_gestion.json
      -> nodo guardado: cambio_actitud_gerencial.json
    Chunk 5/21...
      -> nodo guardado: politica_formal_de_calidad.json
      -> nodo guardado: organizacion_independiente_de_calidad.json
      -> nodo guardado: funciones_del_departamento_de_calidad.json
      -> nodo guardado: prevencion_versus_control_de_calidad.json
      -> nodo guardado: seminario_de_exito_para_gerencia.json
    Chunk 6/21...
    [reintento 1/3] JSON invalido: Unterminated string starting at: line 257 column 23 (char 20121)
      -> nodo guardado: ingenieria_calidad_proveedores.json
      -> nodo guardado: aceptacion_bienes_comprados.json
      -> nodo guardado: ingenieria_calidad.json
      -> nodo guardado: analisis_datos_reporte_estatus.json
      -> nodo guardado: accion_correctiva_2.json
      -> nodo guardado: planificacion_calidad_crosby.json
      -> nodo guardado: calificacion_productos_procesos.json
      -> nodo guardado: auditoria_calidad.json
      -> nodo guardado: educacion_calidad.json
      -> nodo guardado: mejora_calidad_crosby.json
      -> nodo guardado: asuntos_consumidor.json
      -> nodo guardado: seguridad_producto.json
      -> nodo guardado: manejo_problemas.json
    Chunk 7/21...
      -> nodo guardado: cultura_integridad_objetividad_resolucion_problemas.json
      -> nodo guardado: resolucion_problemas_niveles_supervision.json
      -> nodo guardado: analisis_causa_raiz_defectos.json
      -> nodo guardado: equipo_interdepartamental_calidad.json
      -> nodo guardado: medicion_desempeno_integrado.json
    Chunk 8/21...
      -> nodo guardado: analisis_causa_efecto_indicadores_calidad.json
      -> nodo guardado: programa_cero_defectos.json
      -> nodo guardado: identificacion_empleado_con_el_trabajo.json
      -> nodo guardado: intercambio_de_roles_para_motivacion.json
      -> nodo guardado: costo_de_calidad.json
    Chunk 9/21...
      -> nodo guardado: costo_de_la_calidad_coq.json
      -> nodo guardado: categorias_costo_de_calidad.json
      -> nodo guardado: programa_de_mejora_de_calidad.json
      -> nodo guardado: compromiso_gerencial_calidad.json
      -> nodo guardado: equipo_mejora_calidad.json
      -> nodo guardado: medicion_de_calidad.json
      -> nodo guardado: conciencia_de_calidad.json
      -> nodo guardado: accion_correctiva_3.json
      -> nodo guardado: rotacion_de_puestos_para_mejora_calidad.json
    Chunk 10/21...
      -> nodo guardado: medicion_calidad.json
      -> nodo guardado: costo_de_calidad_2.json
      -> nodo guardado: conciencia_calidad.json
      -> nodo guardado: accion_correctiva_4.json
      -> nodo guardado: comite_cero_defectos.json
      -> nodo guardado: entrenamiento_supervisores.json
      -> nodo guardado: dia_cero_defectos.json
      -> nodo guardado: establecimiento_metas.json
      -> nodo guardado: eliminacion_causas_error.json
      -> nodo guardado: reconocimiento.json
      -> nodo guardado: consejos_calidad.json
      -> nodo guardado: repeticion_programa.json
      -> nodo guardado: estilo_gerencial_calidad.json
    Chunk 11/21...
      -> nodo guardado: crosby_habilidad_transmision.json
      -> nodo guardado: crosby_creatividad_gerencial.json
      -> nodo guardado: crosby_implementacion_gerencial.json
      -> nodo guardado: crosby_liderazgo_abierto.json
      -> nodo guardado: crosby_estilo_ballet_vs_hockey.json
      -> nodo guardado: crosby_programa_14_pasos_introduccion.json
    Chunk 12/21...
    Chunk 13/21...
      -> nodo guardado: definicion_calidad_conformidad_requisitos_3.json
      -> nodo guardado: critica_acceptable_quality_level.json
      -> nodo guardado: costo_de_la_no_calidad.json
      -> nodo guardado: programa_zero_defects.json
      -> nodo guardado: equipo_mejora_calidad_2.json
      -> nodo guardado: consejo_de_calidad_2.json
      -> nodo guardado: involucramiento_sindical.json
    Chunk 14/21...
      -> nodo guardado: filosofia_zero_defectos.json
      -> nodo guardado: involucramiento_sindical_calidad.json
      -> nodo guardado: concepto_vs_tecnica.json
      -> nodo guardado: medicion_calidad_2.json
      -> nodo guardado: medicion_servicios.json
      -> nodo guardado: buyer_rating_system.json
      -> nodo guardado: costo_de_calidad_3.json
    Chunk 15/21...
    [reintento 1/3] JSON invalido: Expecting value: line 1 column 2 (char 1)
      -> nodo guardado: costo_de_calidad_4.json
      -> nodo guardado: conciencia_de_calidad_2.json
      -> nodo guardado: accion_correctiva_5.json
      -> nodo guardado: rework_por_el_causante.json
    Chunk 16/21...
      -> nodo guardado: accion_correctiva_sistematica.json
      -> nodo guardado: auditoria_calidad_proveedores.json
      -> nodo guardado: planificacion_cero_defectos.json
      -> nodo guardado: dia_cero_defectos_2.json
      -> nodo guardado: entrenamiento_supervisores_2.json
    Chunk 17/21...
      -> nodo guardado: entrenamiento_supervisores_calidad.json
      -> nodo guardado: dia_cero_defectos_3.json
      -> nodo guardado: fijacion_de_metas.json
      -> nodo guardado: eliminacion_causas_error_2.json
    Chunk 18/21...
      -> nodo guardado: reconocimiento_al_desempeno.json
      -> nodo guardado: consejos_de_calidad.json
      -> nodo guardado: reinicio_programa_calidad.json
      -> nodo guardado: programa_make_certain.json
      -> nodo guardado: programa_ecr_causa_de_error.json
    Chunk 19/21...
      -> nodo guardado: programa_catorce_pasos_crosby.json
      -> nodo guardado: conformance_to_requirements.json
      -> nodo guardado: zero_defects_concepto.json
      -> nodo guardado: costo_de_calidad_crosby.json
      -> nodo guardado: quality_awareness_crosby.json
      -> nodo guardado: accion_correctiva_crosby.json
      -> nodo guardado: eliminacion_causas_error_3.json
      -> nodo guardado: reconocimiento_crosby.json
      -> nodo guardado: consejos_de_calidad_2.json
      -> nodo guardado: make_certain_programa.json
    Chunk 20/21...
      -> nodo guardado: programa_make_certain_2.json
      -> nodo guardado: definicion_calidad_conformidad.json
      -> nodo guardado: costo_de_calidad_5.json
      -> nodo guardado: cero_defectos_zd.json
      -> nodo guardado: estilo_gerencial_ballet_vs_hockey.json
    Chunk 21/21...
      -> nodo guardado: estilo_gerencial_hockey_vs_ballet.json
      -> nodo guardado: costo_de_calidad_6.json
      -> nodo guardado: cero_defectos.json
      -> nodo guardado: programa_make_certain_3.json
      -> nodo guardado: rejilla_madurez_gestion_calidad.json
      -> nodo guardado: programa_mejora_calidad_14_pasos.json
      -> nodo guardado: accion_correctiva_6.json
      -> nodo guardado: eliminacion_causas_error_4.json
      -> nodo guardado: consejo_de_calidad_3.json

[Quality] Finalizado. Nodos nuevos guardados: 907
  Colisiones de node_id renombradas: 67 (ver log)
